<?xml version="1.0" encoding="UTF-8"?>
<coverage generated="1782573375225" clover="3.2.0">
  <project timestamp="1782573375225" name="All files">
    <metrics statements="367" coveredstatements="356" conditionals="115" coveredconditionals="92" methods="77" coveredmethods="74" elements="559" coveredelements="522" complexity="0" loc="367" ncloc="367" packages="1" files="8" classes="8"/>
    <file name="access.ts" path="C:\Users\drc10\development\BEDROCK\sdk-ts\src\access.ts">
      <metrics statements="38" coveredstatements="38" conditionals="11" coveredconditionals="7" methods="6" coveredmethods="6"/>
      <line num="8" count="1" type="stmt"/>
      <line num="19" count="1" type="stmt"/>
      <line num="39" count="1" type="stmt"/>
      <line num="50" count="1" type="stmt"/>
      <line num="51" count="52" type="stmt"/>
      <line num="52" count="52" type="stmt"/>
      <line num="53" count="52" type="stmt"/>
      <line num="59" count="6" type="stmt"/>
      <line num="60" count="6" type="stmt"/>
      <line num="64" count="6" type="stmt"/>
      <line num="72" count="6" type="stmt"/>
      <line num="73" count="6" type="stmt"/>
      <line num="80" count="6" type="stmt"/>
      <line num="81" count="6" type="cond" truecount="0" falsecount="1"/>
      <line num="82" count="6" type="cond" truecount="1" falsecount="0"/>
      <line num="84" count="5" type="stmt"/>
      <line num="85" count="5" type="stmt"/>
      <line num="86" count="5" type="stmt"/>
      <line num="88" count="5" type="stmt"/>
      <line num="98" count="5" type="stmt"/>
      <line num="99" count="5" type="stmt"/>
      <line num="106" count="8" type="cond" truecount="1" falsecount="1"/>
      <line num="107" count="8" type="cond" truecount="1" falsecount="0"/>
      <line num="108" count="1" type="stmt"/>
      <line num="111" count="7" type="cond" truecount="3" falsecount="0"/>
      <line num="112" count="1" type="stmt"/>
      <line num="114" count="6" type="stmt"/>
      <line num="121" count="2" type="stmt"/>
      <line num="122" count="2" type="cond" truecount="0" falsecount="1"/>
      <line num="126" count="2" type="stmt"/>
      <line num="127" count="2" type="stmt"/>
      <line num="134" count="1" type="stmt"/>
      <line num="141" count="12" type="stmt"/>
      <line num="142" count="12" type="stmt"/>
      <line num="143" count="66" type="stmt"/>
      <line num="144" count="66" type="stmt"/>
      <line num="145" count="66" type="stmt"/>
      <line num="147" count="12" type="stmt"/>
    </file>
    <file name="audit.ts" path="C:\Users\drc10\development\BEDROCK\sdk-ts\src\audit.ts">
      <metrics statements="37" coveredstatements="33" conditionals="14" coveredconditionals="10" methods="12" coveredmethods="11"/>
      <line num="13" count="1" type="stmt"/>
      <line num="14" count="52" type="stmt"/>
      <line num="26" count="11" type="stmt"/>
      <line num="27" count="11" type="stmt"/>
      <line num="28" count="11" type="cond" truecount="2" falsecount="0"/>
      <line num="30" count="11" type="stmt"/>
      <line num="34" count="11" type="stmt"/>
      <line num="46" count="11" type="stmt"/>
      <line num="47" count="11" type="stmt"/>
      <line num="54" count="2" type="stmt"/>
      <line num="55" count="4" type="stmt"/>
      <line num="56" count="4" type="cond" truecount="2" falsecount="0"/>
      <line num="57" count="4" type="cond" truecount="0" falsecount="1"/>
      <line num="58" count="0" type="stmt"/>
      <line num="60" count="4" type="stmt"/>
      <line num="63" count="4" type="cond" truecount="0" falsecount="1"/>
      <line num="64" count="0" type="stmt"/>
      <line num="67" count="2" type="stmt"/>
      <line num="79" count="3" type="stmt"/>
      <line num="81" count="3" type="cond" truecount="1" falsecount="0"/>
      <line num="82" count="4" type="stmt"/>
      <line num="84" count="3" type="cond" truecount="0" falsecount="1"/>
      <line num="85" count="0" type="stmt"/>
      <line num="87" count="3" type="cond" truecount="1" falsecount="0"/>
      <line num="88" count="3" type="stmt"/>
      <line num="90" count="3" type="cond" truecount="0" falsecount="1"/>
      <line num="91" count="0" type="stmt"/>
      <line num="94" count="3" type="stmt"/>
      <line num="101" count="1" type="stmt"/>
      <line num="108" count="2" type="cond" truecount="1" falsecount="0"/>
      <line num="109" count="1" type="stmt"/>
      <line num="116" count="2" type="cond" truecount="1" falsecount="0"/>
      <line num="117" count="1" type="stmt"/>
      <line num="123" count="15" type="stmt"/>
      <line num="124" count="15" type="stmt"/>
      <line num="125" count="15" type="stmt"/>
      <line num="126" count="480" type="stmt"/>
    </file>
    <file name="client.ts" path="C:\Users\drc10\development\BEDROCK\sdk-ts\src\client.ts">
      <metrics statements="27" coveredstatements="27" conditionals="3" coveredconditionals="2" methods="10" coveredmethods="10"/>
      <line num="11" count="1" type="stmt"/>
      <line num="12" count="1" type="stmt"/>
      <line num="13" count="1" type="stmt"/>
      <line num="14" count="1" type="stmt"/>
      <line num="15" count="1" type="stmt"/>
      <line num="16" count="1" type="stmt"/>
      <line num="17" count="1" type="stmt"/>
      <line num="19" count="1" type="stmt"/>
      <line num="27" count="52" type="stmt"/>
      <line num="30" count="52" type="cond" truecount="2" falsecount="0"/>
      <line num="32" count="52" type="stmt"/>
      <line num="33" count="52" type="stmt"/>
      <line num="34" count="52" type="stmt"/>
      <line num="35" count="52" type="stmt"/>
      <line num="36" count="52" type="stmt"/>
      <line num="37" count="52" type="stmt"/>
      <line num="45" count="7" type="cond" truecount="0" falsecount="1"/>
      <line num="46" count="7" type="stmt"/>
      <line num="47" count="7" type="stmt"/>
      <line num="52" count="2" type="stmt"/>
      <line num="57" count="27" type="stmt"/>
      <line num="62" count="11" type="stmt"/>
      <line num="67" count="22" type="stmt"/>
      <line num="72" count="21" type="stmt"/>
      <line num="77" count="24" type="stmt"/>
      <line num="82" count="45" type="stmt"/>
      <line num="89" count="1" type="stmt"/>
    </file>
    <file name="data.ts" path="C:\Users\drc10\development\BEDROCK\sdk-ts\src\data.ts">
      <metrics statements="41" coveredstatements="41" conditionals="16" coveredconditionals="14" methods="7" coveredmethods="7"/>
      <line num="8" count="1" type="stmt"/>
      <line num="33" count="1" type="stmt"/>
      <line num="34" count="52" type="stmt"/>
      <line num="35" count="52" type="stmt"/>
      <line num="36" count="52" type="stmt"/>
      <line num="37" count="52" type="stmt"/>
      <line num="50" count="4" type="stmt"/>
      <line num="51" count="4" type="stmt"/>
      <line num="64" count="4" type="stmt"/>
      <line num="65" count="4" type="stmt"/>
      <line num="72" count="6" type="stmt"/>
      <line num="73" count="6" type="cond" truecount="3" falsecount="0"/>
      <line num="74" count="2" type="stmt"/>
      <line num="76" count="4" type="stmt"/>
      <line num="77" count="4" type="stmt"/>
      <line num="78" count="4" type="stmt"/>
      <line num="79" count="4" type="stmt"/>
      <line num="86" count="4" type="stmt"/>
      <line num="87" count="4" type="cond" truecount="1" falsecount="0"/>
      <line num="88" count="3" type="cond" truecount="1" falsecount="0"/>
      <line num="89" count="2" type="cond" truecount="2" falsecount="1"/>
      <line num="90" count="2" type="stmt"/>
      <line num="97" count="1" type="stmt"/>
      <line num="98" count="1" type="cond" truecount="0" falsecount="1"/>
      <line num="99" count="1" type="stmt"/>
      <line num="100" count="1" type="stmt"/>
      <line num="107" count="2" type="stmt"/>
      <line num="108" count="2" type="stmt"/>
      <line num="109" count="2" type="stmt"/>
      <line num="111" count="2" type="cond" truecount="1" falsecount="0"/>
      <line num="112" count="2" type="stmt"/>
      <line num="114" count="2" type="stmt"/>
      <line num="116" count="2" type="stmt"/>
      <line num="123" count="3" type="stmt"/>
      <line num="124" count="3" type="cond" truecount="2" falsecount="0"/>
      <line num="131" count="1" type="stmt"/>
      <line num="132" count="1" type="cond" truecount="1" falsecount="0"/>
      <line num="133" count="1" type="stmt"/>
      <line num="134" count="1" type="stmt"/>
      <line num="136" count="1" type="stmt"/>
      <line num="138" count="1" type="stmt"/>
    </file>
    <file name="encryption.ts" path="C:\Users\drc10\development\BEDROCK\sdk-ts\src\encryption.ts">
      <metrics statements="59" coveredstatements="57" conditionals="10" coveredconditionals="4" methods="9" coveredmethods="9"/>
      <line num="13" count="1" type="stmt"/>
      <line num="14" count="52" type="stmt"/>
      <line num="15" count="52" type="stmt"/>
      <line num="21" count="7" type="stmt"/>
      <line num="29" count="7" type="stmt"/>
      <line num="30" count="7" type="stmt"/>
      <line num="43" count="4" type="cond" truecount="0" falsecount="1"/>
      <line num="44" count="0" type="stmt"/>
      <line num="47" count="4" type="stmt"/>
      <line num="48" count="4" type="stmt"/>
      <line num="49" count="4" type="stmt"/>
      <line num="51" count="4" type="stmt"/>
      <line num="58" count="4" type="stmt"/>
      <line num="59" count="4" type="stmt"/>
      <line num="60" count="4" type="stmt"/>
      <line num="61" count="4" type="stmt"/>
      <line num="63" count="4" type="stmt"/>
      <line num="67" count="4" type="stmt"/>
      <line num="80" count="4" type="cond" truecount="0" falsecount="1"/>
      <line num="81" count="0" type="stmt"/>
      <line num="84" count="4" type="cond" truecount="1" falsecount="0"/>
      <line num="85" count="1" type="stmt"/>
      <line num="88" count="3" type="stmt"/>
      <line num="89" count="3" type="stmt"/>
      <line num="91" count="3" type="stmt"/>
      <line num="92" count="3" type="stmt"/>
      <line num="93" count="3" type="stmt"/>
      <line num="94" count="3" type="stmt"/>
      <line num="95" count="3" type="stmt"/>
      <line num="96" count="3" type="stmt"/>
      <line num="97" count="3" type="stmt"/>
      <line num="98" count="3" type="stmt"/>
      <line num="99" count="3" type="stmt"/>
      <line num="102" count="3" type="stmt"/>
      <line num="103" count="3" type="cond" truecount="1" falsecount="0"/>
      <line num="104" count="2" type="stmt"/>
      <line num="109" count="1" type="stmt"/>
      <line num="115" count="1" type="stmt"/>
      <line num="122" count="1" type="stmt"/>
      <line num="128" count="1" type="stmt"/>
      <line num="131" count="1" type="stmt"/>
      <line num="135" count="1" type="stmt"/>
      <line num="142" count="1" type="stmt"/>
      <line num="147" count="1" type="stmt"/>
      <line num="148" count="1" type="stmt"/>
      <line num="149" count="1" type="stmt"/>
      <line num="155" count="5" type="stmt"/>
      <line num="156" count="5" type="stmt"/>
      <line num="157" count="318" type="stmt"/>
      <line num="159" count="5" type="stmt"/>
      <line num="163" count="3" type="stmt"/>
      <line num="164" count="3" type="stmt"/>
      <line num="165" count="3" type="stmt"/>
      <line num="166" count="207" type="stmt"/>
      <line num="168" count="3" type="stmt"/>
      <line num="172" count="3" type="cond" truecount="1" falsecount="0"/>
      <line num="173" count="2" type="stmt"/>
      <line num="174" count="42" type="cond" truecount="1" falsecount="0"/>
      <line num="176" count="1" type="stmt"/>
    </file>
    <file name="identity.ts" path="C:\Users\drc10\development\BEDROCK\sdk-ts\src\identity.ts">
      <metrics statements="25" coveredstatements="25" conditionals="2" coveredconditionals="2" methods="7" coveredmethods="7"/>
      <line num="10" count="1" type="stmt"/>
      <line num="15" count="1" type="stmt"/>
      <line num="16" count="52" type="stmt"/>
      <line num="17" count="52" type="stmt"/>
      <line num="18" count="52" type="stmt"/>
      <line num="24" count="17" type="stmt"/>
      <line num="25" count="17" type="stmt"/>
      <line num="29" count="17" type="stmt"/>
      <line num="34" count="17" type="stmt"/>
      <line num="35" count="17" type="stmt"/>
      <line num="42" count="3" type="stmt"/>
      <line num="49" count="1" type="stmt"/>
      <line num="60" count="2" type="stmt"/>
      <line num="61" count="2" type="stmt"/>
      <line num="62" count="2" type="stmt"/>
      <line num="71" count="2" type="stmt"/>
      <line num="72" count="2" type="stmt"/>
      <line num="79" count="2" type="stmt"/>
      <line num="80" count="2" type="cond" truecount="1" falsecount="0"/>
      <line num="81" count="1" type="stmt"/>
      <line num="83" count="1" type="stmt"/>
      <line num="84" count="1" type="stmt"/>
      <line num="85" count="1" type="stmt"/>
      <line num="92" count="1" type="stmt"/>
      <line num="94" count="2" type="stmt"/>
    </file>
    <file name="transport.ts" path="C:\Users\drc10\development\BEDROCK\sdk-ts\src\transport.ts">
      <metrics statements="66" coveredstatements="61" conditionals="33" coveredconditionals="27" methods="13" coveredmethods="11"/>
      <line num="10" count="1" type="stmt"/>
      <line num="35" count="1" type="stmt"/>
      <line num="36" count="52" type="stmt"/>
      <line num="47" count="7" type="stmt"/>
      <line num="48" count="7" type="stmt"/>
      <line num="56" count="7" type="stmt"/>
      <line num="64" count="6" type="cond" truecount="1" falsecount="0"/>
      <line num="65" count="1" type="stmt"/>
      <line num="68" count="5" type="cond" truecount="2" falsecount="0"/>
      <line num="69" count="5" type="cond" truecount="2" falsecount="0"/>
      <line num="72" count="5" type="cond" truecount="1" falsecount="0"/>
      <line num="73" count="1" type="stmt"/>
      <line num="77" count="4" type="cond" truecount="1" falsecount="0"/>
      <line num="78" count="3" type="stmt"/>
      <line num="79" count="3" type="stmt"/>
      <line num="80" count="3" type="cond" truecount="1" falsecount="0"/>
      <line num="81" count="1" type="stmt"/>
      <line num="86" count="3" type="cond" truecount="3" falsecount="0"/>
      <line num="87" count="2" type="stmt"/>
      <line num="90" count="1" type="stmt"/>
      <line num="98" count="0" type="stmt"/>
      <line num="115" count="1" type="stmt"/>
      <line num="116" count="52" type="stmt"/>
      <line num="117" count="52" type="stmt"/>
      <line num="118" count="52" type="stmt"/>
      <line num="124" count="11" type="stmt"/>
      <line num="135" count="0" type="stmt"/>
      <line num="136" count="0" type="cond" truecount="0" falsecount="1"/>
      <line num="137" count="0" type="stmt"/>
      <line num="145" count="10" type="cond" truecount="1" falsecount="0"/>
      <line num="146" count="3" type="stmt"/>
      <line num="148" count="10" type="stmt"/>
      <line num="158" count="1" type="cond" truecount="1" falsecount="1"/>
      <line num="160" count="2" type="stmt"/>
      <line num="161" count="1" type="stmt"/>
      <line num="169" count="4" type="stmt"/>
      <line num="171" count="4" type="stmt"/>
      <line num="172" count="12" type="stmt"/>
      <line num="173" count="4" type="cond" truecount="0" falsecount="1"/>
      <line num="175" count="4" type="stmt"/>
      <line num="176" count="4" type="cond" truecount="0" falsecount="1"/>
      <line num="179" count="4" type="stmt"/>
      <line num="180" count="4" type="cond" truecount="2" falsecount="0"/>
      <line num="181" count="2" type="stmt"/>
      <line num="182" count="2" type="cond" truecount="1" falsecount="0"/>
      <line num="183" count="2" type="stmt"/>
      <line num="184" count="2" type="stmt"/>
      <line num="188" count="4" type="stmt"/>
      <line num="195" count="3" type="stmt"/>
      <line num="196" count="3" type="cond" truecount="1" falsecount="0"/>
      <line num="197" count="1" type="stmt"/>
      <line num="200" count="2" type="cond" truecount="1" falsecount="0"/>
      <line num="201" count="1" type="stmt"/>
      <line num="208" count="1" type="stmt"/>
      <line num="209" count="1" type="stmt"/>
      <line num="216" count="2" type="stmt"/>
      <line num="217" count="2" type="cond" truecount="1" falsecount="0"/>
      <line num="218" count="1" type="stmt"/>
      <line num="221" count="1" type="cond" truecount="0" falsecount="1"/>
      <line num="222" count="0" type="stmt"/>
      <line num="229" count="1" type="stmt"/>
      <line num="230" count="1" type="stmt"/>
      <line num="231" count="1" type="stmt"/>
      <line num="242" count="1" type="stmt"/>
      <line num="247" count="52" type="stmt"/>
      <line num="248" count="52" type="stmt"/>
    </file>
    <file name="types.ts" path="C:\Users\drc10\development\BEDROCK\sdk-ts\src\types.ts">
      <metrics statements="74" coveredstatements="74" conditionals="26" coveredconditionals="26" methods="13" coveredmethods="13"/>
      <line num="26" count="1" type="cond" truecount="2" falsecount="0"/>
      <line num="27" count="1" type="stmt"/>
      <line num="28" count="1" type="stmt"/>
      <line num="29" count="1" type="stmt"/>
      <line num="30" count="1" type="stmt"/>
      <line num="31" count="1" type="stmt"/>
      <line num="41" count="1" type="cond" truecount="2" falsecount="0"/>
      <line num="42" count="1" type="stmt"/>
      <line num="43" count="1" type="stmt"/>
      <line num="44" count="1" type="stmt"/>
      <line num="45" count="1" type="stmt"/>
      <line num="46" count="1" type="stmt"/>
      <line num="47" count="1" type="stmt"/>
      <line num="48" count="1" type="stmt"/>
      <line num="62" count="1" type="cond" truecount="2" falsecount="0"/>
      <line num="63" count="1" type="stmt"/>
      <line num="64" count="1" type="stmt"/>
      <line num="65" count="1" type="stmt"/>
      <line num="68" count="1" type="cond" truecount="2" falsecount="0"/>
      <line num="69" count="1" type="stmt"/>
      <line num="70" count="1" type="stmt"/>
      <line num="71" count="1" type="stmt"/>
      <line num="72" count="1" type="stmt"/>
      <line num="76" count="1" type="cond" truecount="2" falsecount="0"/>
      <line num="77" count="1" type="stmt"/>
      <line num="78" count="1" type="stmt"/>
      <line num="106" count="1" type="cond" truecount="2" falsecount="0"/>
      <line num="107" count="1" type="stmt"/>
      <line num="108" count="1" type="stmt"/>
      <line num="109" count="1" type="stmt"/>
      <line num="110" count="1" type="stmt"/>
      <line num="111" count="1" type="stmt"/>
      <line num="148" count="1" type="cond" truecount="2" falsecount="0"/>
      <line num="149" count="1" type="stmt"/>
      <line num="150" count="1" type="stmt"/>
      <line num="151" count="1" type="stmt"/>
      <line num="152" count="1" type="stmt"/>
      <line num="156" count="1" type="cond" truecount="2" falsecount="0"/>
      <line num="157" count="1" type="stmt"/>
      <line num="158" count="1" type="stmt"/>
      <line num="159" count="1" type="stmt"/>
      <line num="160" count="1" type="stmt"/>
      <line num="164" count="1" type="cond" truecount="2" falsecount="0"/>
      <line num="165" count="1" type="stmt"/>
      <line num="166" count="1" type="stmt"/>
      <line num="167" count="1" type="stmt"/>
      <line num="168" count="1" type="stmt"/>
      <line num="169" count="1" type="stmt"/>
      <line num="170" count="1" type="stmt"/>
      <line num="171" count="1" type="stmt"/>
      <line num="172" count="1" type="stmt"/>
      <line num="173" count="1" type="stmt"/>
      <line num="203" count="1" type="cond" truecount="2" falsecount="0"/>
      <line num="204" count="1" type="stmt"/>
      <line num="205" count="1" type="stmt"/>
      <line num="209" count="1" type="cond" truecount="2" falsecount="0"/>
      <line num="210" count="1" type="stmt"/>
      <line num="211" count="1" type="stmt"/>
      <line num="212" count="1" type="stmt"/>
      <line num="216" count="1" type="cond" truecount="2" falsecount="0"/>
      <line num="217" count="1" type="stmt"/>
      <line num="218" count="1" type="stmt"/>
      <line num="219" count="1" type="stmt"/>
      <line num="227" count="1" type="cond" truecount="2" falsecount="0"/>
      <line num="228" count="1" type="stmt"/>
      <line num="229" count="1" type="stmt"/>
      <line num="230" count="1" type="stmt"/>
      <line num="231" count="1" type="stmt"/>
      <line num="232" count="1" type="stmt"/>
      <line num="233" count="1" type="stmt"/>
      <line num="234" count="1" type="stmt"/>
      <line num="235" count="1" type="stmt"/>
      <line num="258" count="1" type="stmt"/>
      <line num="263" count="1" type="stmt"/>
    </file>
  </project>
</coverage>
