{"C:\\Users\\drc10\\development\\BEDROCK\\sdk-ts\\src\\access.ts": {"path":"C:\\Users\\drc10\\development\\BEDROCK\\sdk-ts\\src\\access.ts","statementMap":{"0":{"start":{"line":8,"column":0},"end":{"line":8,"column":51}},"1":{"start":{"line":19,"column":55},"end":{"line":36,"column":2}},"2":{"start":{"line":39,"column":46},"end":{"line":45,"column":2}},"3":{"start":{"line":51,"column":45},"end":{"line":51,"column":54}},"4":{"start":{"line":52,"column":44},"end":{"line":52,"column":53}},"5":{"start":{"line":53,"column":36},"end":{"line":53,"column":37}},"6":{"start":{"line":59,"column":19},"end":{"line":59,"column":60}},"7":{"start":{"line":60,"column":21},"end":{"line":60,"column":33}},"8":{"start":{"line":64,"column":33},"end":{"line":70,"column":6}},"9":{"start":{"line":72,"column":4},"end":{"line":72,"column":39}},"10":{"start":{"line":73,"column":4},"end":{"line":73,"column":18}},"11":{"start":{"line":80,"column":20},"end":{"line":80,"column":45}},"12":{"start":{"line":81,"column":4},"end":{"line":81,"column":30}},"13":{"start":{"line":81,"column":18},"end":{"line":81,"column":30}},"14":{"start":{"line":82,"column":4},"end":{"line":82,"column":75}},"15":{"start":{"line":82,"column":63},"end":{"line":82,"column":75}},"16":{"start":{"line":84,"column":22},"end":{"line":84,"column":54}},"17":{"start":{"line":85,"column":16},"end":{"line":85,"column":26}},"18":{"start":{"line":86,"column":22},"end":{"line":86,"column":59}},"19":{"start":{"line":88,"column":29},"end":{"line":96,"column":6}},"20":{"start":{"line":98,"column":4},"end":{"line":98,"column":43}},"21":{"start":{"line":99,"column":4},"end":{"line":99,"column":19}},"22":{"start":{"line":106,"column":18},"end":{"line":106,"column":54}},"23":{"start":{"line":107,"column":4},"end":{"line":109,"column":5}},"24":{"start":{"line":108,"column":6},"end":{"line":108,"column":19}},"25":{"start":{"line":111,"column":4},"end":{"line":113,"column":5}},"26":{"start":{"line":112,"column":6},"end":{"line":112,"column":19}},"27":{"start":{"line":114,"column":4},"end":{"line":114,"column":16}},"28":{"start":{"line":121,"column":20},"end":{"line":121,"column":49}},"29":{"start":{"line":122,"column":4},"end":{"line":122,"column":31}},"30":{"start":{"line":122,"column":18},"end":{"line":122,"column":31}},"31":{"start":{"line":126,"column":4},"end":{"line":126,"column":31}},"32":{"start":{"line":127,"column":4},"end":{"line":127,"column":16}},"33":{"start":{"line":134,"column":4},"end":{"line":134,"column":44}},"34":{"start":{"line":141,"column":15},"end":{"line":141,"column":16}},"35":{"start":{"line":142,"column":4},"end":{"line":146,"column":5}},"36":{"start":{"line":142,"column":17},"end":{"line":142,"column":18}},"37":{"start":{"line":143,"column":18},"end":{"line":143,"column":40}},"38":{"start":{"line":144,"column":6},"end":{"line":144,"column":40}},"39":{"start":{"line":145,"column":6},"end":{"line":145,"column":16}},"40":{"start":{"line":147,"column":4},"end":{"line":147,"column":29}},"41":{"start":{"line":50,"column":0},"end":{"line":50,"column":13}}},"fnMap":{"0":{"name":"(anonymous_0)","decl":{"start":{"line":58,"column":2},"end":{"line":58,"column":12}},"loc":{"start":{"line":58,"column":72},"end":{"line":74,"column":3}}},"1":{"name":"(anonymous_1)","decl":{"start":{"line":79,"column":2},"end":{"line":79,"column":14}},"loc":{"start":{"line":79,"column":76},"end":{"line":100,"column":3}}},"2":{"name":"(anonymous_2)","decl":{"start":{"line":105,"column":2},"end":{"line":105,"column":17}},"loc":{"start":{"line":105,"column":54},"end":{"line":115,"column":3}}},"3":{"name":"(anonymous_3)","decl":{"start":{"line":120,"column":2},"end":{"line":120,"column":11}},"loc":{"start":{"line":120,"column":48},"end":{"line":128,"column":3}}},"4":{"name":"(anonymous_4)","decl":{"start":{"line":133,"column":2},"end":{"line":133,"column":12}},"loc":{"start":{"line":133,"column":30},"end":{"line":135,"column":3}}},"5":{"name":"(anonymous_5)","decl":{"start":{"line":139,"column":10},"end":{"line":139,"column":23}},"loc":{"start":{"line":139,"column":40},"end":{"line":148,"column":3}}}},"branchMap":{"0":{"loc":{"start":{"line":58,"column":49},"end":{"line":58,"column":72}},"type":"default-arg","locations":[{"start":{"line":58,"column":64},"end":{"line":58,"column":72}}]},"1":{"loc":{"start":{"line":79,"column":51},"end":{"line":79,"column":76}},"type":"default-arg","locations":[{"start":{"line":79,"column":68},"end":{"line":79,"column":76}}]},"2":{"loc":{"start":{"line":81,"column":4},"end":{"line":81,"column":30}},"type":"if","locations":[{"start":{"line":81,"column":4},"end":{"line":81,"column":30}}]},"3":{"loc":{"start":{"line":82,"column":4},"end":{"line":82,"column":75}},"type":"if","locations":[{"start":{"line":82,"column":4},"end":{"line":82,"column":75}}]},"4":{"loc":{"start":{"line":106,"column":18},"end":{"line":106,"column":54}},"type":"binary-expr","locations":[{"start":{"line":106,"column":18},"end":{"line":106,"column":48}},{"start":{"line":106,"column":52},"end":{"line":106,"column":54}}]},"5":{"loc":{"start":{"line":107,"column":4},"end":{"line":109,"column":5}},"type":"if","locations":[{"start":{"line":107,"column":4},"end":{"line":109,"column":5}}]},"6":{"loc":{"start":{"line":111,"column":4},"end":{"line":113,"column":5}},"type":"if","locations":[{"start":{"line":111,"column":4},"end":{"line":113,"column":5}}]},"7":{"loc":{"start":{"line":111,"column":8},"end":{"line":111,"column":72}},"type":"binary-expr","locations":[{"start":{"line":111,"column":8},"end":{"line":111,"column":48}},{"start":{"line":111,"column":52},"end":{"line":111,"column":72}}]},"8":{"loc":{"start":{"line":122,"column":4},"end":{"line":122,"column":31}},"type":"if","locations":[{"start":{"line":122,"column":4},"end":{"line":122,"column":31}}]}},"s":{"0":1,"1":1,"2":1,"3":52,"4":52,"5":52,"6":6,"7":6,"8":6,"9":6,"10":6,"11":6,"12":6,"13":0,"14":6,"15":1,"16":5,"17":5,"18":5,"19":5,"20":5,"21":5,"22":8,"23":8,"24":1,"25":7,"26":1,"27":6,"28":2,"29":2,"30":0,"31":2,"32":2,"33":1,"34":12,"35":12,"36":12,"37":66,"38":66,"39":66,"40":12,"41":1},"f":{"0":6,"1":6,"2":8,"3":2,"4":1,"5":12},"b":{"0":[0],"1":[2],"2":[0],"3":[1],"4":[8,0],"5":[1],"6":[1],"7":[7,4],"8":[0]}}
,"C:\\Users\\drc10\\development\\BEDROCK\\sdk-ts\\src\\audit.ts": {"path":"C:\\Users\\drc10\\development\\BEDROCK\\sdk-ts\\src\\audit.ts","statementMap":{"0":{"start":{"line":14,"column":33},"end":{"line":14,"column":35}},"1":{"start":{"line":26,"column":18},"end":{"line":26,"column":36}},"2":{"start":{"line":27,"column":22},"end":{"line":27,"column":46}},"3":{"start":{"line":28,"column":21},"end":{"line":28,"column":83}},"4":{"start":{"line":30,"column":22},"end":{"line":31,"column":null}},"5":{"start":{"line":34,"column":30},"end":{"line":44,"column":6}},"6":{"start":{"line":46,"column":4},"end":{"line":46,"column":28}},"7":{"start":{"line":47,"column":4},"end":{"line":47,"column":21}},"8":{"start":{"line":54,"column":4},"end":{"line":66,"column":5}},"9":{"start":{"line":54,"column":17},"end":{"line":54,"column":18}},"10":{"start":{"line":55,"column":20},"end":{"line":55,"column":35}},"11":{"start":{"line":56,"column":31},"end":{"line":56,"column":87}},"12":{"start":{"line":57,"column":6},"end":{"line":59,"column":7}},"13":{"start":{"line":58,"column":8},"end":{"line":58,"column":21}},"14":{"start":{"line":60,"column":27},"end":{"line":61,"column":null}},"15":{"start":{"line":63,"column":6},"end":{"line":65,"column":7}},"16":{"start":{"line":64,"column":8},"end":{"line":64,"column":21}},"17":{"start":{"line":67,"column":4},"end":{"line":67,"column":16}},"18":{"start":{"line":79,"column":18},"end":{"line":79,"column":34}},"19":{"start":{"line":81,"column":4},"end":{"line":83,"column":5}},"20":{"start":{"line":82,"column":6},"end":{"line":82,"column":67}},"21":{"start":{"line":82,"column":38},"end":{"line":82,"column":65}},"22":{"start":{"line":84,"column":4},"end":{"line":86,"column":5}},"23":{"start":{"line":85,"column":6},"end":{"line":85,"column":69}},"24":{"start":{"line":85,"column":38},"end":{"line":85,"column":67}},"25":{"start":{"line":87,"column":4},"end":{"line":89,"column":5}},"26":{"start":{"line":88,"column":6},"end":{"line":88,"column":63}},"27":{"start":{"line":88,"column":38},"end":{"line":88,"column":61}},"28":{"start":{"line":90,"column":4},"end":{"line":92,"column":5}},"29":{"start":{"line":91,"column":6},"end":{"line":91,"column":48}},"30":{"start":{"line":94,"column":4},"end":{"line":94,"column":19}},"31":{"start":{"line":101,"column":4},"end":{"line":101,"column":64}},"32":{"start":{"line":101,"column":34},"end":{"line":101,"column":51}},"33":{"start":{"line":108,"column":4},"end":{"line":108,"column":46}},"34":{"start":{"line":108,"column":34},"end":{"line":108,"column":46}},"35":{"start":{"line":109,"column":4},"end":{"line":109,"column":58}},"36":{"start":{"line":116,"column":4},"end":{"line":116,"column":46}},"37":{"start":{"line":116,"column":34},"end":{"line":116,"column":46}},"38":{"start":{"line":117,"column":4},"end":{"line":117,"column":37}},"39":{"start":{"line":123,"column":20},"end":{"line":123,"column":50}},"40":{"start":{"line":124,"column":23},"end":{"line":124,"column":69}},"41":{"start":{"line":125,"column":4},"end":{"line":127,"column":16}},"42":{"start":{"line":126,"column":18},"end":{"line":126,"column":49}},"43":{"start":{"line":13,"column":0},"end":{"line":13,"column":13}}},"fnMap":{"0":{"name":"(anonymous_0)","decl":{"start":{"line":19,"column":2},"end":{"line":19,"column":7}},"loc":{"start":{"line":24,"column":37},"end":{"line":48,"column":3}}},"1":{"name":"(anonymous_1)","decl":{"start":{"line":53,"column":2},"end":{"line":53,"column":7}},"loc":{"start":{"line":53,"column":14},"end":{"line":68,"column":3}}},"2":{"name":"(anonymous_2)","decl":{"start":{"line":73,"column":2},"end":{"line":73,"column":7}},"loc":{"start":{"line":78,"column":3},"end":{"line":95,"column":3}}},"3":{"name":"(anonymous_3)","decl":{"start":{"line":82,"column":31},"end":{"line":82,"column":32}},"loc":{"start":{"line":82,"column":38},"end":{"line":82,"column":65}}},"4":{"name":"(anonymous_4)","decl":{"start":{"line":85,"column":31},"end":{"line":85,"column":32}},"loc":{"start":{"line":85,"column":38},"end":{"line":85,"column":67}}},"5":{"name":"(anonymous_5)","decl":{"start":{"line":88,"column":31},"end":{"line":88,"column":32}},"loc":{"start":{"line":88,"column":38},"end":{"line":88,"column":61}}},"6":{"name":"(anonymous_6)","decl":{"start":{"line":100,"column":2},"end":{"line":100,"column":8}},"loc":{"start":{"line":100,"column":8},"end":{"line":102,"column":3}}},"7":{"name":"(anonymous_7)","decl":{"start":{"line":101,"column":27},"end":{"line":101,"column":28}},"loc":{"start":{"line":101,"column":34},"end":{"line":101,"column":51}}},"8":{"name":"(anonymous_8)","decl":{"start":{"line":107,"column":2},"end":{"line":107,"column":6}},"loc":{"start":{"line":107,"column":14},"end":{"line":110,"column":3}}},"9":{"name":"(anonymous_9)","decl":{"start":{"line":115,"column":2},"end":{"line":115,"column":6}},"loc":{"start":{"line":115,"column":14},"end":{"line":118,"column":3}}},"10":{"name":"(anonymous_10)","decl":{"start":{"line":122,"column":10},"end":{"line":122,"column":15}},"loc":{"start":{"line":122,"column":41},"end":{"line":128,"column":3}}},"11":{"name":"(anonymous_11)","decl":{"start":{"line":126,"column":11},"end":{"line":126,"column":12}},"loc":{"start":{"line":126,"column":18},"end":{"line":126,"column":49}}}},"branchMap":{"0":{"loc":{"start":{"line":28,"column":21},"end":{"line":28,"column":83}},"type":"cond-expr","locations":[{"start":{"line":28,"column":33},"end":{"line":28,"column":66}},{"start":{"line":28,"column":69},"end":{"line":28,"column":83}}]},"1":{"loc":{"start":{"line":41,"column":15},"end":{"line":41,"column":30}},"type":"binary-expr","locations":[{"start":{"line":41,"column":15},"end":{"line":41,"column":22}},{"start":{"line":41,"column":26},"end":{"line":41,"column":30}}]},"2":{"loc":{"start":{"line":56,"column":31},"end":{"line":56,"column":87}},"type":"cond-expr","locations":[{"start":{"line":56,"column":41},"end":{"line":56,"column":55}},{"start":{"line":56,"column":58},"end":{"line":56,"column":87}}]},"3":{"loc":{"start":{"line":57,"column":6},"end":{"line":59,"column":7}},"type":"if","locations":[{"start":{"line":57,"column":6},"end":{"line":59,"column":7}}]},"4":{"loc":{"start":{"line":63,"column":6},"end":{"line":65,"column":7}},"type":"if","locations":[{"start":{"line":63,"column":6},"end":{"line":65,"column":7}}]},"5":{"loc":{"start":{"line":81,"column":4},"end":{"line":83,"column":5}},"type":"if","locations":[{"start":{"line":81,"column":4},"end":{"line":83,"column":5}}]},"6":{"loc":{"start":{"line":84,"column":4},"end":{"line":86,"column":5}},"type":"if","locations":[{"start":{"line":84,"column":4},"end":{"line":86,"column":5}}]},"7":{"loc":{"start":{"line":87,"column":4},"end":{"line":89,"column":5}},"type":"if","locations":[{"start":{"line":87,"column":4},"end":{"line":89,"column":5}}]},"8":{"loc":{"start":{"line":90,"column":4},"end":{"line":92,"column":5}},"type":"if","locations":[{"start":{"line":90,"column":4},"end":{"line":92,"column":5}}]},"9":{"loc":{"start":{"line":108,"column":4},"end":{"line":108,"column":46}},"type":"if","locations":[{"start":{"line":108,"column":4},"end":{"line":108,"column":46}}]},"10":{"loc":{"start":{"line":116,"column":4},"end":{"line":116,"column":46}},"type":"if","locations":[{"start":{"line":116,"column":4},"end":{"line":116,"column":46}}]}},"s":{"0":52,"1":11,"2":11,"3":11,"4":11,"5":11,"6":11,"7":11,"8":2,"9":2,"10":4,"11":4,"12":4,"13":0,"14":4,"15":4,"16":0,"17":2,"18":3,"19":3,"20":2,"21":4,"22":3,"23":0,"24":0,"25":3,"26":1,"27":3,"28":3,"29":0,"30":3,"31":1,"32":1,"33":2,"34":1,"35":1,"36":2,"37":1,"38":1,"39":15,"40":15,"41":15,"42":480,"43":1},"f":{"0":11,"1":2,"2":3,"3":4,"4":0,"5":3,"6":1,"7":1,"8":2,"9":2,"10":15,"11":480},"b":{"0":[5,6],"1":[11,11],"2":[2,2],"3":[0],"4":[0],"5":[2],"6":[0],"7":[1],"8":[0],"9":[1],"10":[1]}}
,"C:\\Users\\drc10\\development\\BEDROCK\\sdk-ts\\src\\client.ts": {"path":"C:\\Users\\drc10\\development\\BEDROCK\\sdk-ts\\src\\client.ts","statementMap":{"0":{"start":{"line":11,"column":0},"end":{"line":11,"column":66}},"1":{"start":{"line":12,"column":0},"end":{"line":12,"column":44}},"2":{"start":{"line":13,"column":0},"end":{"line":13,"column":48}},"3":{"start":{"line":14,"column":0},"end":{"line":14,"column":36}},"4":{"start":{"line":15,"column":0},"end":{"line":15,"column":38}},"5":{"start":{"line":16,"column":0},"end":{"line":16,"column":40}},"6":{"start":{"line":17,"column":0},"end":{"line":17,"column":46}},"7":{"start":{"line":27,"column":34},"end":{"line":27,"column":39}},"8":{"start":{"line":30,"column":4},"end":{"line":30,"column":48}},"9":{"start":{"line":32,"column":4},"end":{"line":32,"column":48}},"10":{"start":{"line":33,"column":4},"end":{"line":33,"column":52}},"11":{"start":{"line":34,"column":4},"end":{"line":34,"column":40}},"12":{"start":{"line":35,"column":4},"end":{"line":35,"column":42}},"13":{"start":{"line":36,"column":4},"end":{"line":36,"column":44}},"14":{"start":{"line":37,"column":4},"end":{"line":37,"column":50}},"15":{"start":{"line":45,"column":4},"end":{"line":45,"column":34}},"16":{"start":{"line":45,"column":27},"end":{"line":45,"column":34}},"17":{"start":{"line":46,"column":4},"end":{"line":46,"column":40}},"18":{"start":{"line":47,"column":4},"end":{"line":47,"column":29}},"19":{"start":{"line":52,"column":4},"end":{"line":52,"column":29}},"20":{"start":{"line":57,"column":4},"end":{"line":57,"column":32}},"21":{"start":{"line":62,"column":4},"end":{"line":62,"column":34}},"22":{"start":{"line":67,"column":4},"end":{"line":67,"column":28}},"23":{"start":{"line":72,"column":4},"end":{"line":72,"column":29}},"24":{"start":{"line":77,"column":4},"end":{"line":77,"column":30}},"25":{"start":{"line":82,"column":4},"end":{"line":82,"column":33}},"26":{"start":{"line":89,"column":4},"end":{"line":89,"column":38}},"27":{"start":{"line":19,"column":0},"end":{"line":19,"column":13}}},"fnMap":{"0":{"name":"(anonymous_0)","decl":{"start":{"line":29,"column":2},"end":{"line":29,"column":14}},"loc":{"start":{"line":29,"column":36},"end":{"line":38,"column":3}}},"1":{"name":"(anonymous_1)","decl":{"start":{"line":44,"column":2},"end":{"line":44,"column":7}},"loc":{"start":{"line":44,"column":12},"end":{"line":48,"column":3}}},"2":{"name":"(anonymous_2)","decl":{"start":{"line":51,"column":2},"end":{"line":51,"column":6}},"loc":{"start":{"line":51,"column":10},"end":{"line":53,"column":3}}},"3":{"name":"(anonymous_3)","decl":{"start":{"line":56,"column":2},"end":{"line":56,"column":6}},"loc":{"start":{"line":56,"column":14},"end":{"line":58,"column":3}}},"4":{"name":"(anonymous_4)","decl":{"start":{"line":61,"column":2},"end":{"line":61,"column":6}},"loc":{"start":{"line":61,"column":16},"end":{"line":63,"column":3}}},"5":{"name":"(anonymous_5)","decl":{"start":{"line":66,"column":2},"end":{"line":66,"column":6}},"loc":{"start":{"line":66,"column":10},"end":{"line":68,"column":3}}},"6":{"name":"(anonymous_6)","decl":{"start":{"line":71,"column":2},"end":{"line":71,"column":6}},"loc":{"start":{"line":71,"column":11},"end":{"line":73,"column":3}}},"7":{"name":"(anonymous_7)","decl":{"start":{"line":76,"column":2},"end":{"line":76,"column":6}},"loc":{"start":{"line":76,"column":12},"end":{"line":78,"column":3}}},"8":{"name":"(anonymous_8)","decl":{"start":{"line":81,"column":2},"end":{"line":81,"column":6}},"loc":{"start":{"line":81,"column":15},"end":{"line":83,"column":3}}},"9":{"name":"(anonymous_9)","decl":{"start":{"line":88,"column":2},"end":{"line":88,"column":7}},"loc":{"start":{"line":88,"column":23},"end":{"line":90,"column":3}}}},"branchMap":{"0":{"loc":{"start":{"line":30,"column":19},"end":{"line":30,"column":47}},"type":"binary-expr","locations":[{"start":{"line":30,"column":19},"end":{"line":30,"column":25}},{"start":{"line":30,"column":29},"end":{"line":30,"column":47}}]},"1":{"loc":{"start":{"line":45,"column":4},"end":{"line":45,"column":34}},"type":"if","locations":[{"start":{"line":45,"column":4},"end":{"line":45,"column":34}}]}},"s":{"0":1,"1":1,"2":1,"3":1,"4":1,"5":1,"6":1,"7":52,"8":52,"9":52,"10":52,"11":52,"12":52,"13":52,"14":52,"15":7,"16":0,"17":7,"18":7,"19":2,"20":27,"21":11,"22":22,"23":21,"24":24,"25":45,"26":1,"27":1},"f":{"0":52,"1":7,"2":2,"3":27,"4":11,"5":22,"6":21,"7":24,"8":45,"9":1},"b":{"0":[52,13],"1":[0]}}
,"C:\\Users\\drc10\\development\\BEDROCK\\sdk-ts\\src\\data.ts": {"path":"C:\\Users\\drc10\\development\\BEDROCK\\sdk-ts\\src\\data.ts","statementMap":{"0":{"start":{"line":8,"column":0},"end":{"line":8,"column":40}},"1":{"start":{"line":34,"column":50},"end":{"line":34,"column":59}},"2":{"start":{"line":35,"column":49},"end":{"line":35,"column":58}},"3":{"start":{"line":36,"column":58},"end":{"line":36,"column":67}},"4":{"start":{"line":37,"column":36},"end":{"line":37,"column":37}},"5":{"start":{"line":50,"column":22},"end":{"line":50,"column":57}},"6":{"start":{"line":51,"column":34},"end":{"line":63,"column":6}},"7":{"start":{"line":64,"column":4},"end":{"line":64,"column":42}},"8":{"start":{"line":65,"column":4},"end":{"line":65,"column":21}},"9":{"start":{"line":72,"column":19},"end":{"line":72,"column":48}},"10":{"start":{"line":73,"column":4},"end":{"line":75,"column":5}},"11":{"start":{"line":74,"column":6},"end":{"line":74,"column":19}},"12":{"start":{"line":76,"column":4},"end":{"line":76,"column":43}},"13":{"start":{"line":77,"column":4},"end":{"line":77,"column":37}},"14":{"start":{"line":78,"column":4},"end":{"line":78,"column":64}},"15":{"start":{"line":79,"column":4},"end":{"line":79,"column":16}},"16":{"start":{"line":86,"column":19},"end":{"line":86,"column":48}},"17":{"start":{"line":87,"column":4},"end":{"line":87,"column":30}},"18":{"start":{"line":87,"column":17},"end":{"line":87,"column":30}},"19":{"start":{"line":88,"column":4},"end":{"line":88,"column":63}},"20":{"start":{"line":88,"column":50},"end":{"line":88,"column":63}},"21":{"start":{"line":89,"column":4},"end":{"line":89,"column":72}},"22":{"start":{"line":89,"column":59},"end":{"line":89,"column":72}},"23":{"start":{"line":90,"column":4},"end":{"line":90,"column":16}},"24":{"start":{"line":97,"column":19},"end":{"line":97,"column":48}},"25":{"start":{"line":98,"column":4},"end":{"line":98,"column":30}},"26":{"start":{"line":98,"column":17},"end":{"line":98,"column":30}},"27":{"start":{"line":99,"column":4},"end":{"line":99,"column":42}},"28":{"start":{"line":100,"column":4},"end":{"line":100,"column":16}},"29":{"start":{"line":107,"column":24},"end":{"line":107,"column":66}},"30":{"start":{"line":108,"column":35},"end":{"line":108,"column":64}},"31":{"start":{"line":109,"column":4},"end":{"line":109,"column":44}},"32":{"start":{"line":111,"column":4},"end":{"line":113,"column":5}},"33":{"start":{"line":112,"column":6},"end":{"line":112,"column":46}},"34":{"start":{"line":114,"column":4},"end":{"line":114,"column":57}},"35":{"start":{"line":116,"column":4},"end":{"line":116,"column":23}},"36":{"start":{"line":123,"column":20},"end":{"line":123,"column":50}},"37":{"start":{"line":124,"column":4},"end":{"line":124,"column":35}},"38":{"start":{"line":131,"column":20},"end":{"line":131,"column":48}},"39":{"start":{"line":132,"column":4},"end":{"line":137,"column":5}},"40":{"start":{"line":133,"column":6},"end":{"line":135,"column":7}},"41":{"start":{"line":134,"column":8},"end":{"line":134,"column":37}},"42":{"start":{"line":136,"column":6},"end":{"line":136,"column":38}},"43":{"start":{"line":138,"column":4},"end":{"line":138,"column":16}},"44":{"start":{"line":33,"column":0},"end":{"line":33,"column":13}}},"fnMap":{"0":{"name":"(anonymous_0)","decl":{"start":{"line":42,"column":2},"end":{"line":42,"column":16}},"loc":{"start":{"line":48,"column":23},"end":{"line":66,"column":3}}},"1":{"name":"(anonymous_1)","decl":{"start":{"line":71,"column":2},"end":{"line":71,"column":16}},"loc":{"start":{"line":71,"column":82},"end":{"line":80,"column":3}}},"2":{"name":"(anonymous_2)","decl":{"start":{"line":85,"column":2},"end":{"line":85,"column":14}},"loc":{"start":{"line":85,"column":32},"end":{"line":91,"column":3}}},"3":{"name":"(anonymous_3)","decl":{"start":{"line":96,"column":2},"end":{"line":96,"column":15}},"loc":{"start":{"line":96,"column":33},"end":{"line":101,"column":3}}},"4":{"name":"(anonymous_4)","decl":{"start":{"line":106,"column":2},"end":{"line":106,"column":19}},"loc":{"start":{"line":106,"column":48},"end":{"line":117,"column":3}}},"5":{"name":"(anonymous_5)","decl":{"start":{"line":122,"column":2},"end":{"line":122,"column":20}},"loc":{"start":{"line":122,"column":40},"end":{"line":125,"column":3}}},"6":{"name":"(anonymous_6)","decl":{"start":{"line":130,"column":2},"end":{"line":130,"column":16}},"loc":{"start":{"line":130,"column":31},"end":{"line":139,"column":3}}}},"branchMap":{"0":{"loc":{"start":{"line":47,"column":4},"end":{"line":47,"column":26}},"type":"default-arg","locations":[{"start":{"line":47,"column":20},"end":{"line":47,"column":26}}]},"1":{"loc":{"start":{"line":48,"column":4},"end":{"line":48,"column":23}},"type":"default-arg","locations":[{"start":{"line":48,"column":21},"end":{"line":48,"column":23}}]},"2":{"loc":{"start":{"line":71,"column":57},"end":{"line":71,"column":82}},"type":"default-arg","locations":[{"start":{"line":71,"column":78},"end":{"line":71,"column":82}}]},"3":{"loc":{"start":{"line":73,"column":4},"end":{"line":75,"column":5}},"type":"if","locations":[{"start":{"line":73,"column":4},"end":{"line":75,"column":5}}]},"4":{"loc":{"start":{"line":73,"column":8},"end":{"line":73,"column":58}},"type":"binary-expr","locations":[{"start":{"line":73,"column":8},"end":{"line":73,"column":15}},{"start":{"line":73,"column":19},"end":{"line":73,"column":58}}]},"5":{"loc":{"start":{"line":87,"column":4},"end":{"line":87,"column":30}},"type":"if","locations":[{"start":{"line":87,"column":4},"end":{"line":87,"column":30}}]},"6":{"loc":{"start":{"line":88,"column":4},"end":{"line":88,"column":63}},"type":"if","locations":[{"start":{"line":88,"column":4},"end":{"line":88,"column":63}}]},"7":{"loc":{"start":{"line":89,"column":4},"end":{"line":89,"column":72}},"type":"if","locations":[{"start":{"line":89,"column":4},"end":{"line":89,"column":72}}]},"8":{"loc":{"start":{"line":89,"column":8},"end":{"line":89,"column":57}},"type":"binary-expr","locations":[{"start":{"line":89,"column":8},"end":{"line":89,"column":24}},{"start":{"line":89,"column":28},"end":{"line":89,"column":57}}]},"9":{"loc":{"start":{"line":98,"column":4},"end":{"line":98,"column":30}},"type":"if","locations":[{"start":{"line":98,"column":4},"end":{"line":98,"column":30}}]},"10":{"loc":{"start":{"line":111,"column":4},"end":{"line":113,"column":5}},"type":"if","locations":[{"start":{"line":111,"column":4},"end":{"line":113,"column":5}}]},"11":{"loc":{"start":{"line":124,"column":11},"end":{"line":124,"column":34}},"type":"binary-expr","locations":[{"start":{"line":124,"column":11},"end":{"line":124,"column":26}},{"start":{"line":124,"column":30},"end":{"line":124,"column":34}}]},"12":{"loc":{"start":{"line":132,"column":4},"end":{"line":137,"column":5}},"type":"if","locations":[{"start":{"line":132,"column":4},"end":{"line":137,"column":5}}]}},"s":{"0":1,"1":52,"2":52,"3":52,"4":52,"5":4,"6":4,"7":4,"8":4,"9":6,"10":6,"11":2,"12":4,"13":4,"14":4,"15":4,"16":4,"17":4,"18":1,"19":3,"20":1,"21":2,"22":0,"23":2,"24":1,"25":1,"26":0,"27":1,"28":1,"29":2,"30":2,"31":2,"32":2,"33":2,"34":2,"35":2,"36":3,"37":3,"38":1,"39":1,"40":1,"41":1,"42":1,"43":1,"44":1},"f":{"0":4,"1":6,"2":4,"3":1,"4":2,"5":3,"6":1},"b":{"0":[2],"1":[3],"2":[5],"3":[2],"4":[6,5],"5":[1],"6":[1],"7":[0],"8":[2,2],"9":[0],"10":[2],"11":[3,1],"12":[1]}}
,"C:\\Users\\drc10\\development\\BEDROCK\\sdk-ts\\src\\encryption.ts": {"path":"C:\\Users\\drc10\\development\\BEDROCK\\sdk-ts\\src\\encryption.ts","statementMap":{"0":{"start":{"line":14,"column":41},"end":{"line":14,"column":45}},"1":{"start":{"line":15,"column":32},"end":{"line":15,"column":33}},"2":{"start":{"line":21,"column":4},"end":{"line":25,"column":6}},"3":{"start":{"line":29,"column":22},"end":{"line":29,"column":65}},"4":{"start":{"line":30,"column":4},"end":{"line":30,"column":47}},"5":{"start":{"line":43,"column":4},"end":{"line":45,"column":5}},"6":{"start":{"line":44,"column":6},"end":{"line":44,"column":24}},"7":{"start":{"line":47,"column":15},"end":{"line":47,"column":57}},"8":{"start":{"line":48,"column":16},"end":{"line":48,"column":64}},"9":{"start":{"line":49,"column":20},"end":{"line":49,"column":55}},"10":{"start":{"line":51,"column":22},"end":{"line":54,"column":null}},"11":{"start":{"line":58,"column":18},"end":{"line":58,"column":35}},"12":{"start":{"line":59,"column":4},"end":{"line":59,"column":25}},"13":{"start":{"line":60,"column":19},"end":{"line":60,"column":36}},"14":{"start":{"line":61,"column":4},"end":{"line":61,"column":27}},"15":{"start":{"line":63,"column":21},"end":{"line":66,"column":6}},"16":{"start":{"line":67,"column":4},"end":{"line":67,"column":48}},"17":{"start":{"line":80,"column":4},"end":{"line":82,"column":5}},"18":{"start":{"line":81,"column":6},"end":{"line":81,"column":24}},"19":{"start":{"line":84,"column":4},"end":{"line":86,"column":5}},"20":{"start":{"line":85,"column":6},"end":{"line":85,"column":55}},"21":{"start":{"line":88,"column":21},"end":{"line":88,"column":60}},"22":{"start":{"line":89,"column":17},"end":{"line":89,"column":18}},"23":{"start":{"line":91,"column":18},"end":{"line":91,"column":34}},"24":{"start":{"line":92,"column":4},"end":{"line":92,"column":16}},"25":{"start":{"line":93,"column":15},"end":{"line":93,"column":53}},"26":{"start":{"line":94,"column":4},"end":{"line":94,"column":20}},"27":{"start":{"line":95,"column":19},"end":{"line":95,"column":35}},"28":{"start":{"line":96,"column":4},"end":{"line":96,"column":16}},"29":{"start":{"line":97,"column":22},"end":{"line":97,"column":61}},"30":{"start":{"line":98,"column":4},"end":{"line":98,"column":21}},"31":{"start":{"line":99,"column":15},"end":{"line":99,"column":37}},"32":{"start":{"line":102,"column":24},"end":{"line":102,"column":72}},"33":{"start":{"line":103,"column":4},"end":{"line":107,"column":5}},"34":{"start":{"line":104,"column":6},"end":{"line":106,"column":8}},"35":{"start":{"line":109,"column":22},"end":{"line":112,"column":null}},"36":{"start":{"line":115,"column":4},"end":{"line":115,"column":47}},"37":{"start":{"line":122,"column":20},"end":{"line":125,"column":null}},"38":{"start":{"line":128,"column":23},"end":{"line":129,"column":null}},"39":{"start":{"line":131,"column":22},"end":{"line":132,"column":null}},"40":{"start":{"line":135,"column":4},"end":{"line":135,"column":37}},"41":{"start":{"line":142,"column":4},"end":{"line":146,"column":6}},"42":{"start":{"line":147,"column":4},"end":{"line":147,"column":23}},"43":{"start":{"line":148,"column":19},"end":{"line":148,"column":72}},"44":{"start":{"line":149,"column":4},"end":{"line":149,"column":54}},"45":{"start":{"line":155,"column":17},"end":{"line":155,"column":19}},"46":{"start":{"line":156,"column":4},"end":{"line":158,"column":5}},"47":{"start":{"line":156,"column":17},"end":{"line":156,"column":18}},"48":{"start":{"line":157,"column":6},"end":{"line":157,"column":46}},"49":{"start":{"line":159,"column":4},"end":{"line":159,"column":24}},"50":{"start":{"line":163,"column":19},"end":{"line":163,"column":31}},"51":{"start":{"line":164,"column":17},"end":{"line":164,"column":46}},"52":{"start":{"line":165,"column":4},"end":{"line":167,"column":5}},"53":{"start":{"line":165,"column":17},"end":{"line":165,"column":18}},"54":{"start":{"line":166,"column":6},"end":{"line":166,"column":37}},"55":{"start":{"line":168,"column":4},"end":{"line":168,"column":16}},"56":{"start":{"line":172,"column":4},"end":{"line":172,"column":44}},"57":{"start":{"line":172,"column":31},"end":{"line":172,"column":44}},"58":{"start":{"line":173,"column":4},"end":{"line":175,"column":5}},"59":{"start":{"line":173,"column":17},"end":{"line":173,"column":18}},"60":{"start":{"line":174,"column":6},"end":{"line":174,"column":38}},"61":{"start":{"line":174,"column":25},"end":{"line":174,"column":38}},"62":{"start":{"line":176,"column":4},"end":{"line":176,"column":16}},"63":{"start":{"line":13,"column":0},"end":{"line":13,"column":13}}},"fnMap":{"0":{"name":"(anonymous_0)","decl":{"start":{"line":20,"column":2},"end":{"line":20,"column":7}},"loc":{"start":{"line":20,"column":12},"end":{"line":26,"column":3}}},"1":{"name":"(anonymous_1)","decl":{"start":{"line":28,"column":10},"end":{"line":28,"column":19}},"loc":{"start":{"line":28,"column":84},"end":{"line":31,"column":3}}},"2":{"name":"(anonymous_2)","decl":{"start":{"line":36,"column":2},"end":{"line":36,"column":7}},"loc":{"start":{"line":41,"column":31},"end":{"line":68,"column":3}}},"3":{"name":"(anonymous_3)","decl":{"start":{"line":73,"column":2},"end":{"line":73,"column":7}},"loc":{"start":{"line":78,"column":31},"end":{"line":116,"column":3}}},"4":{"name":"(anonymous_4)","decl":{"start":{"line":121,"column":2},"end":{"line":121,"column":7}},"loc":{"start":{"line":121,"column":23},"end":{"line":136,"column":3}}},"5":{"name":"(anonymous_5)","decl":{"start":{"line":141,"column":2},"end":{"line":141,"column":7}},"loc":{"start":{"line":141,"column":23},"end":{"line":150,"column":3}}},"6":{"name":"(anonymous_6)","decl":{"start":{"line":154,"column":10},"end":{"line":154,"column":23}},"loc":{"start":{"line":154,"column":40},"end":{"line":160,"column":3}}},"7":{"name":"(anonymous_7)","decl":{"start":{"line":162,"column":10},"end":{"line":162,"column":23}},"loc":{"start":{"line":162,"column":38},"end":{"line":169,"column":3}}},"8":{"name":"(anonymous_8)","decl":{"start":{"line":171,"column":10},"end":{"line":171,"column":21}},"loc":{"start":{"line":171,"column":50},"end":{"line":177,"column":3}}}},"branchMap":{"0":{"loc":{"start":{"line":40,"column":4},"end":{"line":40,"column":26}},"type":"default-arg","locations":[{"start":{"line":40,"column":20},"end":{"line":40,"column":26}}]},"1":{"loc":{"start":{"line":41,"column":4},"end":{"line":41,"column":31}},"type":"default-arg","locations":[{"start":{"line":41,"column":24},"end":{"line":41,"column":31}}]},"2":{"loc":{"start":{"line":43,"column":4},"end":{"line":45,"column":5}},"type":"if","locations":[{"start":{"line":43,"column":4},"end":{"line":45,"column":5}}]},"3":{"loc":{"start":{"line":77,"column":4},"end":{"line":77,"column":26}},"type":"default-arg","locations":[{"start":{"line":77,"column":20},"end":{"line":77,"column":26}}]},"4":{"loc":{"start":{"line":78,"column":4},"end":{"line":78,"column":31}},"type":"default-arg","locations":[{"start":{"line":78,"column":24},"end":{"line":78,"column":31}}]},"5":{"loc":{"start":{"line":80,"column":4},"end":{"line":82,"column":5}},"type":"if","locations":[{"start":{"line":80,"column":4},"end":{"line":82,"column":5}}]},"6":{"loc":{"start":{"line":84,"column":4},"end":{"line":86,"column":5}},"type":"if","locations":[{"start":{"line":84,"column":4},"end":{"line":86,"column":5}}]},"7":{"loc":{"start":{"line":103,"column":4},"end":{"line":107,"column":5}},"type":"if","locations":[{"start":{"line":103,"column":4},"end":{"line":107,"column":5}}]},"8":{"loc":{"start":{"line":172,"column":4},"end":{"line":172,"column":44}},"type":"if","locations":[{"start":{"line":172,"column":4},"end":{"line":172,"column":44}}]},"9":{"loc":{"start":{"line":174,"column":6},"end":{"line":174,"column":38}},"type":"if","locations":[{"start":{"line":174,"column":6},"end":{"line":174,"column":38}}]}},"s":{"0":52,"1":52,"2":7,"3":7,"4":7,"5":4,"6":0,"7":4,"8":4,"9":4,"10":4,"11":4,"12":4,"13":4,"14":4,"15":4,"16":4,"17":4,"18":0,"19":4,"20":1,"21":3,"22":3,"23":3,"24":3,"25":3,"26":3,"27":3,"28":3,"29":3,"30":3,"31":3,"32":3,"33":3,"34":2,"35":1,"36":1,"37":1,"38":1,"39":1,"40":1,"41":1,"42":1,"43":1,"44":1,"45":5,"46":5,"47":5,"48":318,"49":5,"50":3,"51":3,"52":3,"53":3,"54":207,"55":3,"56":3,"57":1,"58":2,"59":2,"60":42,"61":1,"62":1,"63":1},"f":{"0":7,"1":7,"2":4,"3":4,"4":1,"5":1,"6":5,"7":3,"8":3},"b":{"0":[0],"1":[0],"2":[0],"3":[0],"4":[0],"5":[0],"6":[1],"7":[2],"8":[1],"9":[1]}}
,"C:\\Users\\drc10\\development\\BEDROCK\\sdk-ts\\src\\identity.ts": {"path":"C:\\Users\\drc10\\development\\BEDROCK\\sdk-ts\\src\\identity.ts","statementMap":{"0":{"start":{"line":10,"column":0},"end":{"line":10,"column":36}},"1":{"start":{"line":16,"column":38},"end":{"line":16,"column":47}},"2":{"start":{"line":17,"column":52},"end":{"line":17,"column":61}},"3":{"start":{"line":18,"column":33},"end":{"line":18,"column":34}},"4":{"start":{"line":24,"column":17},"end":{"line":24,"column":36}},"5":{"start":{"line":25,"column":27},"end":{"line":28,"column":6}},"6":{"start":{"line":29,"column":23},"end":{"line":33,"column":6}},"7":{"start":{"line":34,"column":4},"end":{"line":34,"column":32}},"8":{"start":{"line":35,"column":4},"end":{"line":35,"column":16}},"9":{"start":{"line":42,"column":4},"end":{"line":42,"column":35}},"10":{"start":{"line":49,"column":4},"end":{"line":49,"column":38}},"11":{"start":{"line":60,"column":16},"end":{"line":60,"column":26}},"12":{"start":{"line":61,"column":20},"end":{"line":61,"column":65}},"13":{"start":{"line":62,"column":30},"end":{"line":70,"column":6}},"14":{"start":{"line":71,"column":4},"end":{"line":71,"column":43}},"15":{"start":{"line":72,"column":4},"end":{"line":72,"column":16}},"16":{"start":{"line":79,"column":17},"end":{"line":79,"column":49}},"17":{"start":{"line":80,"column":4},"end":{"line":82,"column":5}},"18":{"start":{"line":81,"column":6},"end":{"line":81,"column":68}},"19":{"start":{"line":83,"column":33},"end":{"line":83,"column":81}},"20":{"start":{"line":84,"column":4},"end":{"line":84,"column":46}},"21":{"start":{"line":85,"column":4},"end":{"line":85,"column":19}},"22":{"start":{"line":92,"column":4},"end":{"line":95,"column":6}},"23":{"start":{"line":94,"column":40},"end":{"line":94,"column":57}},"24":{"start":{"line":15,"column":0},"end":{"line":15,"column":13}}},"fnMap":{"0":{"name":"(anonymous_0)","decl":{"start":{"line":23,"column":2},"end":{"line":23,"column":10}},"loc":{"start":{"line":23,"column":23},"end":{"line":36,"column":3}}},"1":{"name":"(anonymous_1)","decl":{"start":{"line":41,"column":2},"end":{"line":41,"column":5}},"loc":{"start":{"line":41,"column":20},"end":{"line":43,"column":3}}},"2":{"name":"(anonymous_2)","decl":{"start":{"line":48,"column":2},"end":{"line":48,"column":12}},"loc":{"start":{"line":48,"column":27},"end":{"line":50,"column":3}}},"3":{"name":"(anonymous_3)","decl":{"start":{"line":55,"column":2},"end":{"line":55,"column":18}},"loc":{"start":{"line":58,"column":25},"end":{"line":73,"column":3}}},"4":{"name":"(anonymous_4)","decl":{"start":{"line":78,"column":2},"end":{"line":78,"column":19}},"loc":{"start":{"line":78,"column":57},"end":{"line":86,"column":3}}},"5":{"name":"(anonymous_5)","decl":{"start":{"line":91,"column":2},"end":{"line":91,"column":13}},"loc":{"start":{"line":91,"column":50},"end":{"line":96,"column":3}}},"6":{"name":"(anonymous_6)","decl":{"start":{"line":94,"column":33},"end":{"line":94,"column":34}},"loc":{"start":{"line":94,"column":40},"end":{"line":94,"column":57}}}},"branchMap":{"0":{"loc":{"start":{"line":78,"column":38},"end":{"line":78,"column":57}},"type":"default-arg","locations":[{"start":{"line":78,"column":55},"end":{"line":78,"column":57}}]},"1":{"loc":{"start":{"line":80,"column":4},"end":{"line":82,"column":5}},"type":"if","locations":[{"start":{"line":80,"column":4},"end":{"line":82,"column":5}}]}},"s":{"0":1,"1":52,"2":52,"3":52,"4":17,"5":17,"6":17,"7":17,"8":17,"9":3,"10":1,"11":2,"12":2,"13":2,"14":2,"15":2,"16":2,"17":2,"18":1,"19":1,"20":1,"21":1,"22":1,"23":2,"24":1},"f":{"0":17,"1":3,"2":1,"3":2,"4":2,"5":1,"6":2},"b":{"0":[1],"1":[1]}}
,"C:\\Users\\drc10\\development\\BEDROCK\\sdk-ts\\src\\transport.ts": {"path":"C:\\Users\\drc10\\development\\BEDROCK\\sdk-ts\\src\\transport.ts","statementMap":{"0":{"start":{"line":10,"column":0},"end":{"line":10,"column":null}},"1":{"start":{"line":36,"column":46},"end":{"line":36,"column":50}},"2":{"start":{"line":47,"column":18},"end":{"line":47,"column":38}},"3":{"start":{"line":48,"column":4},"end":{"line":55,"column":6}},"4":{"start":{"line":56,"column":4},"end":{"line":56,"column":24}},"5":{"start":{"line":64,"column":4},"end":{"line":66,"column":5}},"6":{"start":{"line":65,"column":6},"end":{"line":65,"column":72}},"7":{"start":{"line":68,"column":18},"end":{"line":68,"column":52}},"8":{"start":{"line":69,"column":23},"end":{"line":69,"column":53}},"9":{"start":{"line":72,"column":4},"end":{"line":74,"column":5}},"10":{"start":{"line":73,"column":6},"end":{"line":73,"column":39}},"11":{"start":{"line":77,"column":4},"end":{"line":83,"column":5}},"12":{"start":{"line":78,"column":25},"end":{"line":78,"column":47}},"13":{"start":{"line":79,"column":21},"end":{"line":79,"column":56}},"14":{"start":{"line":80,"column":6},"end":{"line":82,"column":7}},"15":{"start":{"line":81,"column":8},"end":{"line":81,"column":41}},"16":{"start":{"line":86,"column":4},"end":{"line":88,"column":5}},"17":{"start":{"line":87,"column":6},"end":{"line":87,"column":36}},"18":{"start":{"line":90,"column":4},"end":{"line":90,"column":35}},"19":{"start":{"line":98,"column":4},"end":{"line":98,"column":35}},"20":{"start":{"line":35,"column":0},"end":{"line":35,"column":13}},"21":{"start":{"line":116,"column":42},"end":{"line":116,"column":51}},"22":{"start":{"line":117,"column":85},"end":{"line":117,"column":94}},"23":{"start":{"line":118,"column":40},"end":{"line":118,"column":41}},"24":{"start":{"line":124,"column":4},"end":{"line":128,"column":7}},"25":{"start":{"line":135,"column":21},"end":{"line":135,"column":44}},"26":{"start":{"line":136,"column":4},"end":{"line":138,"column":5}},"27":{"start":{"line":137,"column":6},"end":{"line":137,"column":41}},"28":{"start":{"line":145,"column":4},"end":{"line":147,"column":5}},"29":{"start":{"line":146,"column":6},"end":{"line":146,"column":36}},"30":{"start":{"line":148,"column":4},"end":{"line":151,"column":7}},"31":{"start":{"line":158,"column":18},"end":{"line":158,"column":47}},"32":{"start":{"line":160,"column":20},"end":{"line":160,"column":57}},"33":{"start":{"line":160,"column":45},"end":{"line":160,"column":55}},"34":{"start":{"line":161,"column":4},"end":{"line":161,"column":52}},"35":{"start":{"line":169,"column":34},"end":{"line":169,"column":36}},"36":{"start":{"line":171,"column":4},"end":{"line":186,"column":5}},"37":{"start":{"line":172,"column":22},"end":{"line":172,"column":59}},"38":{"start":{"line":172,"column":47},"end":{"line":172,"column":57}},"39":{"start":{"line":173,"column":6},"end":{"line":173,"column":60}},"40":{"start":{"line":173,"column":51},"end":{"line":173,"column":60}},"41":{"start":{"line":175,"column":23},"end":{"line":175,"column":46}},"42":{"start":{"line":176,"column":6},"end":{"line":176,"column":30}},"43":{"start":{"line":176,"column":21},"end":{"line":176,"column":30}},"44":{"start":{"line":179,"column":27},"end":{"line":179,"column":46}},"45":{"start":{"line":180,"column":6},"end":{"line":185,"column":7}},"46":{"start":{"line":181,"column":8},"end":{"line":181,"column":71}},"47":{"start":{"line":182,"column":13},"end":{"line":185,"column":7}},"48":{"start":{"line":183,"column":8},"end":{"line":183,"column":75}},"49":{"start":{"line":184,"column":8},"end":{"line":184,"column":33}},"50":{"start":{"line":188,"column":4},"end":{"line":188,"column":23}},"51":{"start":{"line":195,"column":21},"end":{"line":195,"column":44}},"52":{"start":{"line":196,"column":4},"end":{"line":198,"column":5}},"53":{"start":{"line":197,"column":6},"end":{"line":197,"column":91}},"54":{"start":{"line":200,"column":4},"end":{"line":206,"column":5}},"55":{"start":{"line":201,"column":6},"end":{"line":205,"column":8}},"56":{"start":{"line":208,"column":4},"end":{"line":208,"column":67}},"57":{"start":{"line":209,"column":4},"end":{"line":209,"column":87}},"58":{"start":{"line":216,"column":21},"end":{"line":216,"column":44}},"59":{"start":{"line":217,"column":4},"end":{"line":219,"column":5}},"60":{"start":{"line":218,"column":6},"end":{"line":218,"column":91}},"61":{"start":{"line":221,"column":4},"end":{"line":227,"column":5}},"62":{"start":{"line":222,"column":6},"end":{"line":226,"column":8}},"63":{"start":{"line":229,"column":4},"end":{"line":229,"column":66}},"64":{"start":{"line":230,"column":4},"end":{"line":230,"column":31}},"65":{"start":{"line":231,"column":4},"end":{"line":231,"column":85}},"66":{"start":{"line":115,"column":0},"end":{"line":115,"column":13}},"67":{"start":{"line":247,"column":4},"end":{"line":247,"column":34}},"68":{"start":{"line":248,"column":4},"end":{"line":248,"column":33}},"69":{"start":{"line":242,"column":0},"end":{"line":242,"column":13}}},"fnMap":{"0":{"name":"(anonymous_0)","decl":{"start":{"line":41,"column":2},"end":{"line":41,"column":14}},"loc":{"start":{"line":45,"column":27},"end":{"line":57,"column":3}}},"1":{"name":"(anonymous_1)","decl":{"start":{"line":63,"column":2},"end":{"line":63,"column":17}},"loc":{"start":{"line":63,"column":49},"end":{"line":91,"column":3}}},"2":{"name":"(anonymous_2)","decl":{"start":{"line":96,"column":2},"end":{"line":96,"column":16}},"loc":{"start":{"line":96,"column":28},"end":{"line":99,"column":3}}},"3":{"name":"(anonymous_3)","decl":{"start":{"line":123,"column":2},"end":{"line":123,"column":14}},"loc":{"start":{"line":123,"column":50},"end":{"line":129,"column":3}}},"4":{"name":"(anonymous_4)","decl":{"start":{"line":134,"column":2},"end":{"line":134,"column":13}},"loc":{"start":{"line":134,"column":48},"end":{"line":139,"column":3}}},"5":{"name":"(anonymous_5)","decl":{"start":{"line":144,"column":2},"end":{"line":144,"column":10}},"loc":{"start":{"line":144,"column":100},"end":{"line":152,"column":3}}},"6":{"name":"(anonymous_6)","decl":{"start":{"line":157,"column":2},"end":{"line":157,"column":16}},"loc":{"start":{"line":157,"column":31},"end":{"line":162,"column":3}}},"7":{"name":"(anonymous_7)","decl":{"start":{"line":160,"column":38},"end":{"line":160,"column":39}},"loc":{"start":{"line":160,"column":45},"end":{"line":160,"column":55}}},"8":{"name":"(anonymous_8)","decl":{"start":{"line":168,"column":2},"end":{"line":168,"column":14}},"loc":{"start":{"line":168,"column":14},"end":{"line":189,"column":3}}},"9":{"name":"(anonymous_9)","decl":{"start":{"line":172,"column":40},"end":{"line":172,"column":41}},"loc":{"start":{"line":172,"column":47},"end":{"line":172,"column":57}}},"10":{"name":"(anonymous_10)","decl":{"start":{"line":194,"column":2},"end":{"line":194,"column":14}},"loc":{"start":{"line":194,"column":50},"end":{"line":210,"column":3}}},"11":{"name":"(anonymous_11)","decl":{"start":{"line":215,"column":2},"end":{"line":215,"column":17}},"loc":{"start":{"line":215,"column":32},"end":{"line":232,"column":3}}},"12":{"name":"(anonymous_12)","decl":{"start":{"line":246,"column":2},"end":{"line":246,"column":null}},"loc":{"start":{"line":246,"column":2},"end":{"line":249,"column":3}}}},"branchMap":{"0":{"loc":{"start":{"line":42,"column":4},"end":{"line":42,"column":50}},"type":"default-arg","locations":[{"start":{"line":42,"column":39},"end":{"line":42,"column":50}}]},"1":{"loc":{"start":{"line":43,"column":4},"end":{"line":43,"column":25}},"type":"default-arg","locations":[{"start":{"line":43,"column":23},"end":{"line":43,"column":25}}]},"2":{"loc":{"start":{"line":44,"column":4},"end":{"line":44,"column":24}},"type":"default-arg","locations":[{"start":{"line":44,"column":22},"end":{"line":44,"column":24}}]},"3":{"loc":{"start":{"line":45,"column":4},"end":{"line":45,"column":27}},"type":"default-arg","locations":[{"start":{"line":45,"column":25},"end":{"line":45,"column":27}}]},"4":{"loc":{"start":{"line":52,"column":18},"end":{"line":52,"column":65}},"type":"cond-expr","locations":[{"start":{"line":52,"column":26},"end":{"line":52,"column":44}},{"start":{"line":52,"column":47},"end":{"line":52,"column":65}}]},"5":{"loc":{"start":{"line":64,"column":4},"end":{"line":66,"column":5}},"type":"if","locations":[{"start":{"line":64,"column":4},"end":{"line":66,"column":5}}]},"6":{"loc":{"start":{"line":68,"column":18},"end":{"line":68,"column":52}},"type":"binary-expr","locations":[{"start":{"line":68,"column":18},"end":{"line":68,"column":46}},{"start":{"line":68,"column":50},"end":{"line":68,"column":52}}]},"7":{"loc":{"start":{"line":69,"column":23},"end":{"line":69,"column":53}},"type":"binary-expr","locations":[{"start":{"line":69,"column":23},"end":{"line":69,"column":47}},{"start":{"line":69,"column":51},"end":{"line":69,"column":53}}]},"8":{"loc":{"start":{"line":72,"column":4},"end":{"line":74,"column":5}},"type":"if","locations":[{"start":{"line":72,"column":4},"end":{"line":74,"column":5}}]},"9":{"loc":{"start":{"line":77,"column":4},"end":{"line":83,"column":5}},"type":"if","locations":[{"start":{"line":77,"column":4},"end":{"line":83,"column":5}}]},"10":{"loc":{"start":{"line":80,"column":6},"end":{"line":82,"column":7}},"type":"if","locations":[{"start":{"line":80,"column":6},"end":{"line":82,"column":7}}]},"11":{"loc":{"start":{"line":86,"column":4},"end":{"line":88,"column":5}},"type":"if","locations":[{"start":{"line":86,"column":4},"end":{"line":88,"column":5}}]},"12":{"loc":{"start":{"line":86,"column":8},"end":{"line":86,"column":39}},"type":"binary-expr","locations":[{"start":{"line":86,"column":8},"end":{"line":86,"column":25}},{"start":{"line":86,"column":29},"end":{"line":86,"column":39}}]},"13":{"loc":{"start":{"line":126,"column":13},"end":{"line":126,"column":26}},"type":"binary-expr","locations":[{"start":{"line":126,"column":13},"end":{"line":126,"column":18}},{"start":{"line":126,"column":22},"end":{"line":126,"column":26}}]},"14":{"loc":{"start":{"line":136,"column":4},"end":{"line":138,"column":5}},"type":"if","locations":[{"start":{"line":136,"column":4},"end":{"line":138,"column":5}}]},"15":{"loc":{"start":{"line":145,"column":4},"end":{"line":147,"column":5}},"type":"if","locations":[{"start":{"line":145,"column":4},"end":{"line":147,"column":5}}]},"16":{"loc":{"start":{"line":158,"column":18},"end":{"line":158,"column":47}},"type":"binary-expr","locations":[{"start":{"line":158,"column":18},"end":{"line":158,"column":41}},{"start":{"line":158,"column":45},"end":{"line":158,"column":47}}]},"17":{"loc":{"start":{"line":173,"column":6},"end":{"line":173,"column":60}},"type":"if","locations":[{"start":{"line":173,"column":6},"end":{"line":173,"column":60}}]},"18":{"loc":{"start":{"line":176,"column":6},"end":{"line":176,"column":30}},"type":"if","locations":[{"start":{"line":176,"column":6},"end":{"line":176,"column":30}}]},"19":{"loc":{"start":{"line":180,"column":6},"end":{"line":185,"column":7}},"type":"if","locations":[{"start":{"line":180,"column":6},"end":{"line":185,"column":7}},{"start":{"line":182,"column":13},"end":{"line":185,"column":7}}]},"20":{"loc":{"start":{"line":182,"column":13},"end":{"line":185,"column":7}},"type":"if","locations":[{"start":{"line":182,"column":13},"end":{"line":185,"column":7}}]},"21":{"loc":{"start":{"line":194,"column":31},"end":{"line":194,"column":50}},"type":"default-arg","locations":[{"start":{"line":194,"column":48},"end":{"line":194,"column":50}}]},"22":{"loc":{"start":{"line":196,"column":4},"end":{"line":198,"column":5}},"type":"if","locations":[{"start":{"line":196,"column":4},"end":{"line":198,"column":5}}]},"23":{"loc":{"start":{"line":200,"column":4},"end":{"line":206,"column":5}},"type":"if","locations":[{"start":{"line":200,"column":4},"end":{"line":206,"column":5}}]},"24":{"loc":{"start":{"line":217,"column":4},"end":{"line":219,"column":5}},"type":"if","locations":[{"start":{"line":217,"column":4},"end":{"line":219,"column":5}}]},"25":{"loc":{"start":{"line":221,"column":4},"end":{"line":227,"column":5}},"type":"if","locations":[{"start":{"line":221,"column":4},"end":{"line":227,"column":5}}]}},"s":{"0":1,"1":52,"2":7,"3":7,"4":7,"5":6,"6":1,"7":5,"8":5,"9":5,"10":1,"11":4,"12":3,"13":3,"14":3,"15":1,"16":3,"17":2,"18":1,"19":0,"20":1,"21":52,"22":52,"23":52,"24":11,"25":0,"26":0,"27":0,"28":10,"29":3,"30":10,"31":1,"32":1,"33":2,"34":1,"35":4,"36":4,"37":4,"38":12,"39":4,"40":0,"41":4,"42":4,"43":0,"44":4,"45":4,"46":2,"47":2,"48":2,"49":2,"50":4,"51":3,"52":3,"53":1,"54":2,"55":1,"56":1,"57":1,"58":2,"59":2,"60":1,"61":1,"62":0,"63":1,"64":1,"65":1,"66":1,"67":52,"68":52,"69":1},"f":{"0":7,"1":6,"2":0,"3":11,"4":0,"5":10,"6":1,"7":2,"8":4,"9":12,"10":3,"11":2,"12":52},"b":{"0":[0],"1":[6],"2":[6],"3":[6],"4":[4,3],"5":[1],"6":[5,1],"7":[5,2],"8":[1],"9":[3],"10":[1],"11":[2],"12":[3,1],"13":[11,11],"14":[0],"15":[3],"16":[1,0],"17":[0],"18":[0],"19":[2,2],"20":[2],"21":[2],"22":[1],"23":[1],"24":[1],"25":[0]}}
,"C:\\Users\\drc10\\development\\BEDROCK\\sdk-ts\\src\\types.ts": {"path":"C:\\Users\\drc10\\development\\BEDROCK\\sdk-ts\\src\\types.ts","statementMap":{"0":{"start":{"line":26,"column":0},"end":{"line":26,"column":null}},"1":{"start":{"line":27,"column":2},"end":{"line":27,"column":null}},"2":{"start":{"line":28,"column":2},"end":{"line":28,"column":null}},"3":{"start":{"line":29,"column":2},"end":{"line":29,"column":null}},"4":{"start":{"line":30,"column":2},"end":{"line":30,"column":null}},"5":{"start":{"line":31,"column":2},"end":{"line":31,"column":null}},"6":{"start":{"line":41,"column":0},"end":{"line":41,"column":null}},"7":{"start":{"line":42,"column":2},"end":{"line":42,"column":null}},"8":{"start":{"line":43,"column":2},"end":{"line":43,"column":null}},"9":{"start":{"line":44,"column":2},"end":{"line":44,"column":null}},"10":{"start":{"line":45,"column":2},"end":{"line":45,"column":null}},"11":{"start":{"line":46,"column":2},"end":{"line":46,"column":null}},"12":{"start":{"line":47,"column":2},"end":{"line":47,"column":null}},"13":{"start":{"line":48,"column":2},"end":{"line":48,"column":null}},"14":{"start":{"line":62,"column":0},"end":{"line":62,"column":null}},"15":{"start":{"line":63,"column":2},"end":{"line":63,"column":null}},"16":{"start":{"line":64,"column":2},"end":{"line":64,"column":null}},"17":{"start":{"line":65,"column":2},"end":{"line":65,"column":null}},"18":{"start":{"line":68,"column":0},"end":{"line":68,"column":null}},"19":{"start":{"line":69,"column":2},"end":{"line":69,"column":null}},"20":{"start":{"line":70,"column":2},"end":{"line":70,"column":null}},"21":{"start":{"line":71,"column":2},"end":{"line":71,"column":null}},"22":{"start":{"line":72,"column":2},"end":{"line":72,"column":null}},"23":{"start":{"line":76,"column":0},"end":{"line":76,"column":null}},"24":{"start":{"line":77,"column":2},"end":{"line":77,"column":null}},"25":{"start":{"line":78,"column":2},"end":{"line":78,"column":null}},"26":{"start":{"line":106,"column":0},"end":{"line":106,"column":null}},"27":{"start":{"line":107,"column":2},"end":{"line":107,"column":null}},"28":{"start":{"line":108,"column":2},"end":{"line":108,"column":null}},"29":{"start":{"line":109,"column":2},"end":{"line":109,"column":null}},"30":{"start":{"line":110,"column":2},"end":{"line":110,"column":null}},"31":{"start":{"line":111,"column":2},"end":{"line":111,"column":null}},"32":{"start":{"line":148,"column":0},"end":{"line":148,"column":null}},"33":{"start":{"line":149,"column":2},"end":{"line":149,"column":null}},"34":{"start":{"line":150,"column":2},"end":{"line":150,"column":null}},"35":{"start":{"line":151,"column":2},"end":{"line":151,"column":null}},"36":{"start":{"line":152,"column":2},"end":{"line":152,"column":null}},"37":{"start":{"line":156,"column":0},"end":{"line":156,"column":null}},"38":{"start":{"line":157,"column":2},"end":{"line":157,"column":null}},"39":{"start":{"line":158,"column":2},"end":{"line":158,"column":null}},"40":{"start":{"line":159,"column":2},"end":{"line":159,"column":null}},"41":{"start":{"line":160,"column":2},"end":{"line":160,"column":null}},"42":{"start":{"line":164,"column":0},"end":{"line":164,"column":null}},"43":{"start":{"line":165,"column":2},"end":{"line":165,"column":null}},"44":{"start":{"line":166,"column":2},"end":{"line":166,"column":null}},"45":{"start":{"line":167,"column":2},"end":{"line":167,"column":null}},"46":{"start":{"line":168,"column":2},"end":{"line":168,"column":null}},"47":{"start":{"line":169,"column":2},"end":{"line":169,"column":null}},"48":{"start":{"line":170,"column":2},"end":{"line":170,"column":null}},"49":{"start":{"line":171,"column":2},"end":{"line":171,"column":null}},"50":{"start":{"line":172,"column":2},"end":{"line":172,"column":null}},"51":{"start":{"line":173,"column":2},"end":{"line":173,"column":null}},"52":{"start":{"line":203,"column":0},"end":{"line":203,"column":null}},"53":{"start":{"line":204,"column":2},"end":{"line":204,"column":null}},"54":{"start":{"line":205,"column":2},"end":{"line":205,"column":null}},"55":{"start":{"line":209,"column":0},"end":{"line":209,"column":null}},"56":{"start":{"line":210,"column":2},"end":{"line":210,"column":null}},"57":{"start":{"line":211,"column":2},"end":{"line":211,"column":null}},"58":{"start":{"line":212,"column":2},"end":{"line":212,"column":null}},"59":{"start":{"line":216,"column":0},"end":{"line":216,"column":null}},"60":{"start":{"line":217,"column":2},"end":{"line":217,"column":null}},"61":{"start":{"line":218,"column":2},"end":{"line":218,"column":null}},"62":{"start":{"line":219,"column":2},"end":{"line":219,"column":null}},"63":{"start":{"line":227,"column":0},"end":{"line":227,"column":null}},"64":{"start":{"line":228,"column":2},"end":{"line":228,"column":null}},"65":{"start":{"line":229,"column":2},"end":{"line":229,"column":null}},"66":{"start":{"line":230,"column":2},"end":{"line":230,"column":null}},"67":{"start":{"line":231,"column":2},"end":{"line":231,"column":null}},"68":{"start":{"line":232,"column":2},"end":{"line":232,"column":null}},"69":{"start":{"line":233,"column":2},"end":{"line":233,"column":null}},"70":{"start":{"line":234,"column":2},"end":{"line":234,"column":null}},"71":{"start":{"line":235,"column":2},"end":{"line":235,"column":null}},"72":{"start":{"line":258,"column":13},"end":{"line":260,"column":2}},"73":{"start":{"line":263,"column":13},"end":{"line":265,"column":2}}},"fnMap":{"0":{"name":"(anonymous_0)","decl":{"start":{"line":26,"column":0},"end":{"line":26,"column":12}},"loc":{"start":{"line":26,"column":21},"end":{"line":32,"column":1}}},"1":{"name":"(anonymous_1)","decl":{"start":{"line":41,"column":0},"end":{"line":41,"column":12}},"loc":{"start":{"line":41,"column":24},"end":{"line":49,"column":1}}},"2":{"name":"(anonymous_2)","decl":{"start":{"line":62,"column":0},"end":{"line":62,"column":12}},"loc":{"start":{"line":62,"column":29},"end":{"line":66,"column":1}}},"3":{"name":"(anonymous_3)","decl":{"start":{"line":68,"column":0},"end":{"line":68,"column":12}},"loc":{"start":{"line":68,"column":23},"end":{"line":73,"column":1}}},"4":{"name":"(anonymous_4)","decl":{"start":{"line":76,"column":0},"end":{"line":76,"column":12}},"loc":{"start":{"line":76,"column":29},"end":{"line":79,"column":1}}},"5":{"name":"(anonymous_5)","decl":{"start":{"line":106,"column":0},"end":{"line":106,"column":12}},"loc":{"start":{"line":106,"column":25},"end":{"line":112,"column":1}}},"6":{"name":"(anonymous_6)","decl":{"start":{"line":148,"column":0},"end":{"line":148,"column":12}},"loc":{"start":{"line":148,"column":16},"end":{"line":153,"column":1}}},"7":{"name":"(anonymous_7)","decl":{"start":{"line":156,"column":0},"end":{"line":156,"column":12}},"loc":{"start":{"line":156,"column":18},"end":{"line":161,"column":1}}},"8":{"name":"(anonymous_8)","decl":{"start":{"line":164,"column":0},"end":{"line":164,"column":12}},"loc":{"start":{"line":164,"column":22},"end":{"line":174,"column":1}}},"9":{"name":"(anonymous_9)","decl":{"start":{"line":203,"column":0},"end":{"line":203,"column":12}},"loc":{"start":{"line":203,"column":22},"end":{"line":206,"column":1}}},"10":{"name":"(anonymous_10)","decl":{"start":{"line":209,"column":0},"end":{"line":209,"column":12}},"loc":{"start":{"line":209,"column":27},"end":{"line":213,"column":1}}},"11":{"name":"(anonymous_11)","decl":{"start":{"line":216,"column":0},"end":{"line":216,"column":12}},"loc":{"start":{"line":216,"column":27},"end":{"line":220,"column":1}}},"12":{"name":"(anonymous_12)","decl":{"start":{"line":227,"column":0},"end":{"line":227,"column":12}},"loc":{"start":{"line":227,"column":22},"end":{"line":236,"column":1}}}},"branchMap":{"0":{"loc":{"start":{"line":26,"column":12},"end":{"line":26,"column":null}},"type":"binary-expr","locations":[{"start":{"line":26,"column":12},"end":{"line":26,"column":21}},{"start":{"line":26,"column":21},"end":{"line":26,"column":null}}]},"1":{"loc":{"start":{"line":41,"column":12},"end":{"line":41,"column":null}},"type":"binary-expr","locations":[{"start":{"line":41,"column":12},"end":{"line":41,"column":24}},{"start":{"line":41,"column":24},"end":{"line":41,"column":null}}]},"2":{"loc":{"start":{"line":62,"column":12},"end":{"line":62,"column":null}},"type":"binary-expr","locations":[{"start":{"line":62,"column":12},"end":{"line":62,"column":29}},{"start":{"line":62,"column":29},"end":{"line":62,"column":null}}]},"3":{"loc":{"start":{"line":68,"column":12},"end":{"line":68,"column":null}},"type":"binary-expr","locations":[{"start":{"line":68,"column":12},"end":{"line":68,"column":23}},{"start":{"line":68,"column":23},"end":{"line":68,"column":null}}]},"4":{"loc":{"start":{"line":76,"column":12},"end":{"line":76,"column":null}},"type":"binary-expr","locations":[{"start":{"line":76,"column":12},"end":{"line":76,"column":29}},{"start":{"line":76,"column":29},"end":{"line":76,"column":null}}]},"5":{"loc":{"start":{"line":106,"column":12},"end":{"line":106,"column":null}},"type":"binary-expr","locations":[{"start":{"line":106,"column":12},"end":{"line":106,"column":25}},{"start":{"line":106,"column":25},"end":{"line":106,"column":null}}]},"6":{"loc":{"start":{"line":148,"column":12},"end":{"line":148,"column":null}},"type":"binary-expr","locations":[{"start":{"line":148,"column":12},"end":{"line":148,"column":16}},{"start":{"line":148,"column":16},"end":{"line":148,"column":null}}]},"7":{"loc":{"start":{"line":156,"column":12},"end":{"line":156,"column":null}},"type":"binary-expr","locations":[{"start":{"line":156,"column":12},"end":{"line":156,"column":18}},{"start":{"line":156,"column":18},"end":{"line":156,"column":null}}]},"8":{"loc":{"start":{"line":164,"column":12},"end":{"line":164,"column":null}},"type":"binary-expr","locations":[{"start":{"line":164,"column":12},"end":{"line":164,"column":22}},{"start":{"line":164,"column":22},"end":{"line":164,"column":null}}]},"9":{"loc":{"start":{"line":203,"column":12},"end":{"line":203,"column":null}},"type":"binary-expr","locations":[{"start":{"line":203,"column":12},"end":{"line":203,"column":22}},{"start":{"line":203,"column":22},"end":{"line":203,"column":null}}]},"10":{"loc":{"start":{"line":209,"column":12},"end":{"line":209,"column":null}},"type":"binary-expr","locations":[{"start":{"line":209,"column":12},"end":{"line":209,"column":27}},{"start":{"line":209,"column":27},"end":{"line":209,"column":null}}]},"11":{"loc":{"start":{"line":216,"column":12},"end":{"line":216,"column":null}},"type":"binary-expr","locations":[{"start":{"line":216,"column":12},"end":{"line":216,"column":27}},{"start":{"line":216,"column":27},"end":{"line":216,"column":null}}]},"12":{"loc":{"start":{"line":227,"column":12},"end":{"line":227,"column":null}},"type":"binary-expr","locations":[{"start":{"line":227,"column":12},"end":{"line":227,"column":22}},{"start":{"line":227,"column":22},"end":{"line":227,"column":null}}]}},"s":{"0":1,"1":1,"2":1,"3":1,"4":1,"5":1,"6":1,"7":1,"8":1,"9":1,"10":1,"11":1,"12":1,"13":1,"14":1,"15":1,"16":1,"17":1,"18":1,"19":1,"20":1,"21":1,"22":1,"23":1,"24":1,"25":1,"26":1,"27":1,"28":1,"29":1,"30":1,"31":1,"32":1,"33":1,"34":1,"35":1,"36":1,"37":1,"38":1,"39":1,"40":1,"41":1,"42":1,"43":1,"44":1,"45":1,"46":1,"47":1,"48":1,"49":1,"50":1,"51":1,"52":1,"53":1,"54":1,"55":1,"56":1,"57":1,"58":1,"59":1,"60":1,"61":1,"62":1,"63":1,"64":1,"65":1,"66":1,"67":1,"68":1,"69":1,"70":1,"71":1,"72":1,"73":1},"f":{"0":1,"1":1,"2":1,"3":1,"4":1,"5":1,"6":1,"7":1,"8":1,"9":1,"10":1,"11":1,"12":1},"b":{"0":[1,1],"1":[1,1],"2":[1,1],"3":[1,1],"4":[1,1],"5":[1,1],"6":[1,1],"7":[1,1],"8":[1,1],"9":[1,1],"10":[1,1],"11":[1,1],"12":[1,1]}}
}
