TN:
SF:src\access.ts
FN:58,(anonymous_0)
FN:79,(anonymous_1)
FN:105,(anonymous_2)
FN:120,(anonymous_3)
FN:133,(anonymous_4)
FN:139,(anonymous_5)
FNF:6
FNH:6
FNDA:6,(anonymous_0)
FNDA:6,(anonymous_1)
FNDA:8,(anonymous_2)
FNDA:2,(anonymous_3)
FNDA:1,(anonymous_4)
FNDA:12,(anonymous_5)
DA:8,1
DA:19,1
DA:39,1
DA:50,1
DA:51,52
DA:52,52
DA:53,52
DA:59,6
DA:60,6
DA:64,6
DA:72,6
DA:73,6
DA:80,6
DA:81,6
DA:82,6
DA:84,5
DA:85,5
DA:86,5
DA:88,5
DA:98,5
DA:99,5
DA:106,8
DA:107,8
DA:108,1
DA:111,7
DA:112,1
DA:114,6
DA:121,2
DA:122,2
DA:126,2
DA:127,2
DA:134,1
DA:141,12
DA:142,12
DA:143,66
DA:144,66
DA:145,66
DA:147,12
LF:38
LH:38
BRDA:58,0,0,0
BRDA:79,1,0,2
BRDA:81,2,0,0
BRDA:82,3,0,1
BRDA:106,4,0,8
BRDA:106,4,1,0
BRDA:107,5,0,1
BRDA:111,6,0,1
BRDA:111,7,0,7
BRDA:111,7,1,4
BRDA:122,8,0,0
BRF:11
BRH:7
end_of_record
TN:
SF:src\audit.ts
FN:19,(anonymous_0)
FN:53,(anonymous_1)
FN:73,(anonymous_2)
FN:82,(anonymous_3)
FN:85,(anonymous_4)
FN:88,(anonymous_5)
FN:100,(anonymous_6)
FN:101,(anonymous_7)
FN:107,(anonymous_8)
FN:115,(anonymous_9)
FN:122,(anonymous_10)
FN:126,(anonymous_11)
FNF:12
FNH:11
FNDA:11,(anonymous_0)
FNDA:2,(anonymous_1)
FNDA:3,(anonymous_2)
FNDA:4,(anonymous_3)
FNDA:0,(anonymous_4)
FNDA:3,(anonymous_5)
FNDA:1,(anonymous_6)
FNDA:1,(anonymous_7)
FNDA:2,(anonymous_8)
FNDA:2,(anonymous_9)
FNDA:15,(anonymous_10)
FNDA:480,(anonymous_11)
DA:13,1
DA:14,52
DA:26,11
DA:27,11
DA:28,11
DA:30,11
DA:34,11
DA:46,11
DA:47,11
DA:54,2
DA:55,4
DA:56,4
DA:57,4
DA:58,0
DA:60,4
DA:63,4
DA:64,0
DA:67,2
DA:79,3
DA:81,3
DA:82,4
DA:84,3
DA:85,0
DA:87,3
DA:88,3
DA:90,3
DA:91,0
DA:94,3
DA:101,1
DA:108,2
DA:109,1
DA:116,2
DA:117,1
DA:123,15
DA:124,15
DA:125,15
DA:126,480
LF:37
LH:33
BRDA:28,0,0,5
BRDA:28,0,1,6
BRDA:41,1,0,11
BRDA:41,1,1,11
BRDA:56,2,0,2
BRDA:56,2,1,2
BRDA:57,3,0,0
BRDA:63,4,0,0
BRDA:81,5,0,2
BRDA:84,6,0,0
BRDA:87,7,0,1
BRDA:90,8,0,0
BRDA:108,9,0,1
BRDA:116,10,0,1
BRF:14
BRH:10
end_of_record
TN:
SF:src\client.ts
FN:29,(anonymous_0)
FN:44,(anonymous_1)
FN:51,(anonymous_2)
FN:56,(anonymous_3)
FN:61,(anonymous_4)
FN:66,(anonymous_5)
FN:71,(anonymous_6)
FN:76,(anonymous_7)
FN:81,(anonymous_8)
FN:88,(anonymous_9)
FNF:10
FNH:10
FNDA:52,(anonymous_0)
FNDA:7,(anonymous_1)
FNDA:2,(anonymous_2)
FNDA:27,(anonymous_3)
FNDA:11,(anonymous_4)
FNDA:22,(anonymous_5)
FNDA:21,(anonymous_6)
FNDA:24,(anonymous_7)
FNDA:45,(anonymous_8)
FNDA:1,(anonymous_9)
DA:11,1
DA:12,1
DA:13,1
DA:14,1
DA:15,1
DA:16,1
DA:17,1
DA:19,1
DA:27,52
DA:30,52
DA:32,52
DA:33,52
DA:34,52
DA:35,52
DA:36,52
DA:37,52
DA:45,7
DA:46,7
DA:47,7
DA:52,2
DA:57,27
DA:62,11
DA:67,22
DA:72,21
DA:77,24
DA:82,45
DA:89,1
LF:27
LH:27
BRDA:30,0,0,52
BRDA:30,0,1,13
BRDA:45,1,0,0
BRF:3
BRH:2
end_of_record
TN:
SF:src\data.ts
FN:42,(anonymous_0)
FN:71,(anonymous_1)
FN:85,(anonymous_2)
FN:96,(anonymous_3)
FN:106,(anonymous_4)
FN:122,(anonymous_5)
FN:130,(anonymous_6)
FNF:7
FNH:7
FNDA:4,(anonymous_0)
FNDA:6,(anonymous_1)
FNDA:4,(anonymous_2)
FNDA:1,(anonymous_3)
FNDA:2,(anonymous_4)
FNDA:3,(anonymous_5)
FNDA:1,(anonymous_6)
DA:8,1
DA:33,1
DA:34,52
DA:35,52
DA:36,52
DA:37,52
DA:50,4
DA:51,4
DA:64,4
DA:65,4
DA:72,6
DA:73,6
DA:74,2
DA:76,4
DA:77,4
DA:78,4
DA:79,4
DA:86,4
DA:87,4
DA:88,3
DA:89,2
DA:90,2
DA:97,1
DA:98,1
DA:99,1
DA:100,1
DA:107,2
DA:108,2
DA:109,2
DA:111,2
DA:112,2
DA:114,2
DA:116,2
DA:123,3
DA:124,3
DA:131,1
DA:132,1
DA:133,1
DA:134,1
DA:136,1
DA:138,1
LF:41
LH:41
BRDA:47,0,0,2
BRDA:48,1,0,3
BRDA:71,2,0,5
BRDA:73,3,0,2
BRDA:73,4,0,6
BRDA:73,4,1,5
BRDA:87,5,0,1
BRDA:88,6,0,1
BRDA:89,7,0,0
BRDA:89,8,0,2
BRDA:89,8,1,2
BRDA:98,9,0,0
BRDA:111,10,0,2
BRDA:124,11,0,3
BRDA:124,11,1,1
BRDA:132,12,0,1
BRF:16
BRH:14
end_of_record
TN:
SF:src\encryption.ts
FN:20,(anonymous_0)
FN:28,(anonymous_1)
FN:36,(anonymous_2)
FN:73,(anonymous_3)
FN:121,(anonymous_4)
FN:141,(anonymous_5)
FN:154,(anonymous_6)
FN:162,(anonymous_7)
FN:171,(anonymous_8)
FNF:9
FNH:9
FNDA:7,(anonymous_0)
FNDA:7,(anonymous_1)
FNDA:4,(anonymous_2)
FNDA:4,(anonymous_3)
FNDA:1,(anonymous_4)
FNDA:1,(anonymous_5)
FNDA:5,(anonymous_6)
FNDA:3,(anonymous_7)
FNDA:3,(anonymous_8)
DA:13,1
DA:14,52
DA:15,52
DA:21,7
DA:29,7
DA:30,7
DA:43,4
DA:44,0
DA:47,4
DA:48,4
DA:49,4
DA:51,4
DA:58,4
DA:59,4
DA:60,4
DA:61,4
DA:63,4
DA:67,4
DA:80,4
DA:81,0
DA:84,4
DA:85,1
DA:88,3
DA:89,3
DA:91,3
DA:92,3
DA:93,3
DA:94,3
DA:95,3
DA:96,3
DA:97,3
DA:98,3
DA:99,3
DA:102,3
DA:103,3
DA:104,2
DA:109,1
DA:115,1
DA:122,1
DA:128,1
DA:131,1
DA:135,1
DA:142,1
DA:147,1
DA:148,1
DA:149,1
DA:155,5
DA:156,5
DA:157,318
DA:159,5
DA:163,3
DA:164,3
DA:165,3
DA:166,207
DA:168,3
DA:172,3
DA:173,2
DA:174,42
DA:176,1
LF:59
LH:57
BRDA:40,0,0,0
BRDA:41,1,0,0
BRDA:43,2,0,0
BRDA:77,3,0,0
BRDA:78,4,0,0
BRDA:80,5,0,0
BRDA:84,6,0,1
BRDA:103,7,0,2
BRDA:172,8,0,1
BRDA:174,9,0,1
BRF:10
BRH:4
end_of_record
TN:
SF:src\identity.ts
FN:23,(anonymous_0)
FN:41,(anonymous_1)
FN:48,(anonymous_2)
FN:55,(anonymous_3)
FN:78,(anonymous_4)
FN:91,(anonymous_5)
FN:94,(anonymous_6)
FNF:7
FNH:7
FNDA:17,(anonymous_0)
FNDA:3,(anonymous_1)
FNDA:1,(anonymous_2)
FNDA:2,(anonymous_3)
FNDA:2,(anonymous_4)
FNDA:1,(anonymous_5)
FNDA:2,(anonymous_6)
DA:10,1
DA:15,1
DA:16,52
DA:17,52
DA:18,52
DA:24,17
DA:25,17
DA:29,17
DA:34,17
DA:35,17
DA:42,3
DA:49,1
DA:60,2
DA:61,2
DA:62,2
DA:71,2
DA:72,2
DA:79,2
DA:80,2
DA:81,1
DA:83,1
DA:84,1
DA:85,1
DA:92,1
DA:94,2
LF:25
LH:25
BRDA:78,0,0,1
BRDA:80,1,0,1
BRF:2
BRH:2
end_of_record
TN:
SF:src\transport.ts
FN:41,(anonymous_0)
FN:63,(anonymous_1)
FN:96,(anonymous_2)
FN:123,(anonymous_3)
FN:134,(anonymous_4)
FN:144,(anonymous_5)
FN:157,(anonymous_6)
FN:160,(anonymous_7)
FN:168,(anonymous_8)
FN:172,(anonymous_9)
FN:194,(anonymous_10)
FN:215,(anonymous_11)
FN:246,(anonymous_12)
FNF:13
FNH:11
FNDA:7,(anonymous_0)
FNDA:6,(anonymous_1)
FNDA:0,(anonymous_2)
FNDA:11,(anonymous_3)
FNDA:0,(anonymous_4)
FNDA:10,(anonymous_5)
FNDA:1,(anonymous_6)
FNDA:2,(anonymous_7)
FNDA:4,(anonymous_8)
FNDA:12,(anonymous_9)
FNDA:3,(anonymous_10)
FNDA:2,(anonymous_11)
FNDA:52,(anonymous_12)
DA:10,1
DA:35,1
DA:36,52
DA:47,7
DA:48,7
DA:56,7
DA:64,6
DA:65,1
DA:68,5
DA:69,5
DA:72,5
DA:73,1
DA:77,4
DA:78,3
DA:79,3
DA:80,3
DA:81,1
DA:86,3
DA:87,2
DA:90,1
DA:98,0
DA:115,1
DA:116,52
DA:117,52
DA:118,52
DA:124,11
DA:135,0
DA:136,0
DA:137,0
DA:145,10
DA:146,3
DA:148,10
DA:158,1
DA:160,2
DA:161,1
DA:169,4
DA:171,4
DA:172,12
DA:173,4
DA:175,4
DA:176,4
DA:179,4
DA:180,4
DA:181,2
DA:182,2
DA:183,2
DA:184,2
DA:188,4
DA:195,3
DA:196,3
DA:197,1
DA:200,2
DA:201,1
DA:208,1
DA:209,1
DA:216,2
DA:217,2
DA:218,1
DA:221,1
DA:222,0
DA:229,1
DA:230,1
DA:231,1
DA:242,1
DA:247,52
DA:248,52
LF:66
LH:61
BRDA:42,0,0,0
BRDA:43,1,0,6
BRDA:44,2,0,6
BRDA:45,3,0,6
BRDA:52,4,0,4
BRDA:52,4,1,3
BRDA:64,5,0,1
BRDA:68,6,0,5
BRDA:68,6,1,1
BRDA:69,7,0,5
BRDA:69,7,1,2
BRDA:72,8,0,1
BRDA:77,9,0,3
BRDA:80,10,0,1
BRDA:86,11,0,2
BRDA:86,12,0,3
BRDA:86,12,1,1
BRDA:126,13,0,11
BRDA:126,13,1,11
BRDA:136,14,0,0
BRDA:145,15,0,3
BRDA:158,16,0,1
BRDA:158,16,1,0
BRDA:173,17,0,0
BRDA:176,18,0,0
BRDA:180,19,0,2
BRDA:180,19,1,2
BRDA:182,20,0,2
BRDA:194,21,0,2
BRDA:196,22,0,1
BRDA:200,23,0,1
BRDA:217,24,0,1
BRDA:221,25,0,0
BRF:33
BRH:27
end_of_record
TN:
SF:src\types.ts
FN:26,(anonymous_0)
FN:41,(anonymous_1)
FN:62,(anonymous_2)
FN:68,(anonymous_3)
FN:76,(anonymous_4)
FN:106,(anonymous_5)
FN:148,(anonymous_6)
FN:156,(anonymous_7)
FN:164,(anonymous_8)
FN:203,(anonymous_9)
FN:209,(anonymous_10)
FN:216,(anonymous_11)
FN:227,(anonymous_12)
FNF:13
FNH:13
FNDA:1,(anonymous_0)
FNDA:1,(anonymous_1)
FNDA:1,(anonymous_2)
FNDA:1,(anonymous_3)
FNDA:1,(anonymous_4)
FNDA:1,(anonymous_5)
FNDA:1,(anonymous_6)
FNDA:1,(anonymous_7)
FNDA:1,(anonymous_8)
FNDA:1,(anonymous_9)
FNDA:1,(anonymous_10)
FNDA:1,(anonymous_11)
FNDA:1,(anonymous_12)
DA:26,1
DA:27,1
DA:28,1
DA:29,1
DA:30,1
DA:31,1
DA:41,1
DA:42,1
DA:43,1
DA:44,1
DA:45,1
DA:46,1
DA:47,1
DA:48,1
DA:62,1
DA:63,1
DA:64,1
DA:65,1
DA:68,1
DA:69,1
DA:70,1
DA:71,1
DA:72,1
DA:76,1
DA:77,1
DA:78,1
DA:106,1
DA:107,1
DA:108,1
DA:109,1
DA:110,1
DA:111,1
DA:148,1
DA:149,1
DA:150,1
DA:151,1
DA:152,1
DA:156,1
DA:157,1
DA:158,1
DA:159,1
DA:160,1
DA:164,1
DA:165,1
DA:166,1
DA:167,1
DA:168,1
DA:169,1
DA:170,1
DA:171,1
DA:172,1
DA:173,1
DA:203,1
DA:204,1
DA:205,1
DA:209,1
DA:210,1
DA:211,1
DA:212,1
DA:216,1
DA:217,1
DA:218,1
DA:219,1
DA:227,1
DA:228,1
DA:229,1
DA:230,1
DA:231,1
DA:232,1
DA:233,1
DA:234,1
DA:235,1
DA:258,1
DA:263,1
LF:74
LH:74
BRDA:26,0,0,1
BRDA:26,0,1,1
BRDA:41,1,0,1
BRDA:41,1,1,1
BRDA:62,2,0,1
BRDA:62,2,1,1
BRDA:68,3,0,1
BRDA:68,3,1,1
BRDA:76,4,0,1
BRDA:76,4,1,1
BRDA:106,5,0,1
BRDA:106,5,1,1
BRDA:148,6,0,1
BRDA:148,6,1,1
BRDA:156,7,0,1
BRDA:156,7,1,1
BRDA:164,8,0,1
BRDA:164,8,1,1
BRDA:203,9,0,1
BRDA:203,9,1,1
BRDA:209,10,0,1
BRDA:209,10,1,1
BRDA:216,11,0,1
BRDA:216,11,1,1
BRDA:227,12,0,1
BRDA:227,12,1,1
BRF:26
BRH:26
end_of_record
